1.4462 	WARNING 	We strongly recommend you activate the PTB sound engine in PsychoPy prefs as the preferred audio engine. Its timing is vastly superior. Your prefs are currently set to use ['sounddevice', 'PTB', 'pyo', 'pygame'] (in that order).
4.5993 	WARNING 	User requested fullscreen with size [1024  768], but screen is actually [2880, 1920]. Using actual size
6.3242 	EXP 	Created window1 = Window(allowGUI=True, allowStencil=False, autoLog=True, backendConf=UNKNOWN, bitsMode=UNKNOWN, blendMode='avg', bpc=(8, 8, 8), color=array([0, 0, 0]), colorSpace='rgb', depthBits=8, fullscr=<method-wrapper '__getattribute__' of attributeSetter object at 0x000001EDD4685040>, gamma=None, gammaErrorPolicy='raise', lms=UNKNOWN, monitor=<psychopy.monitors.calibTools.Monitor object at 0x000001EDD81E54F0>, multiSample=False, name='window1', numSamples=2, pos=(0, 0), screen=0, size=array([2880, 1920]), stencilBits=0, stereo=False, units='height', useFBO=True, useRetina=False, viewOri=0.0, viewPos=None, viewScale=None, waitBlanking=True, winType='pyglet')
6.3243 	EXP 	window1: mouseVisible = True
6.3245 	EXP 	window1: mouseVisible = False
6.3245 	EXP 	window1: Attempting to measure frame rate of screen (0) ...
6.3245 	EXP 	window1: recordFrameIntervals = False
6.4904 	EXP 	window1: recordFrameIntervals = True
6.6744 	EXP 	Screen (0) actual frame rate measured at 59.88Hz
6.6745 	EXP 	window1: recordFrameIntervals = False
8.3493 	EXP 	Created text = TextStim(__class__=<class 'psychopy.visual.text.TextStim'>, alignHoriz=method-wrapper(...), alignText='center', alignVert=method-wrapper(...), anchorHoriz='center', anchorVert='center', antialias=True, autoDraw=False, autoLog=True, bold=False, color=array([1, 1, 1]), colorSpace='rgb', contrast=1.0, depth=0.0, flipHoriz=False, flipVert=False, font='Open Sans', fontFiles=[], height=0.05, italic=False, languageStyle='LTR', name='text', opacity=1.0, ori=0.0, pos=array([0., 0.]), rgb=UNKNOWN, text='Welcome to the SEAL Pointing Task', units='height', win=Window(...), wrapWidth=1)
8.3686 	EXP 	Created text_2 = TextStim(__class__=<class 'psychopy.visual.text.TextStim'>, alignHoriz=method-wrapper(...), alignText='center', alignVert=method-wrapper(...), anchorHoriz='center', anchorVert='center', antialias=True, autoDraw=False, autoLog=True, bold=False, color=array([1, 1, 1]), colorSpace='rgb', contrast=1.0, depth=0.0, flipHoriz=False, flipVert=False, font='Open Sans', fontFiles=[], height=0.05, italic=False, languageStyle='LTR', name='text_2', opacity=1.0, ori=0.0, pos=array([0., 0.]), rgb=UNKNOWN, text=str(...), units='height', win=Window(...), wrapWidth=1)
8.3789 	EXP 	Created image_2 = ImageStim(__class__=<class 'psychopy.visual.image.ImageStim'>, anchor=('center', 'center'), autoLog=True, color=array([1, 1, 1]), colorSpace='rgb', contrast=1.0, depth=0.0, flipHoriz=False, flipVert=False, image='sin', interpolate=True, mask=None, maskParams=None, name='image_2', opacity=1.0, ori=0.0, pos=array([0., 0.]), size=array([0.5, 0.5]), texRes=128.0, units='height', win=Window(...))
8.3845 	EXP 	Created text_4 = TextStim(__class__=<class 'psychopy.visual.text.TextStim'>, alignHoriz=method-wrapper(...), alignText='center', alignVert=method-wrapper(...), anchorHoriz='center', anchorVert='center', antialias=True, autoDraw=False, autoLog=True, bold=False, color=array([1, 1, 1]), colorSpace='rgb', contrast=1.0, depth=-1.0, flipHoriz=False, flipVert=False, font='Open Sans', fontFiles=[], height=0.05, italic=False, languageStyle='LTR', name='text_4', opacity=1.0, ori=0.0, pos=array([0. , 0.4]), rgb=UNKNOWN, text=str(...), units='height', win=Window(...), wrapWidth=1)
8.4414 	EXP 	window1: mouseVisible = True
8.4462 	EXP 	Created text_3 = TextStim(__class__=<class 'psychopy.visual.text.TextStim'>, alignHoriz=method-wrapper(...), alignText='center', alignVert=method-wrapper(...), anchorHoriz='center', anchorVert='center', antialias=True, autoDraw=False, autoLog=True, bold=False, color=array([1, 1, 1]), colorSpace='rgb', contrast=1.0, depth=0.0, flipHoriz=False, flipVert=False, font='Open Sans', fontFiles=[], height=0.05, italic=False, languageStyle='LTR', name='text_3', opacity=1.0, ori=0.0, pos=array([0., 0.]), rgb=UNKNOWN, text=str(...), units='height', win=Window(...), wrapWidth=1)
8.4565 	EXP 	text: autoDraw = True
10.4571 	EXP 	text: autoDraw = False
10.4571 	EXP 	text: autoDraw = False
10.4571 	EXP 	text_2: autoDraw = True
11.4385 	EXP 	Imported PointingStims.xlsx as conditions, 12 conditions, 1 params
11.4389 	EXP 	Created sequence: sequential, trialTypes=12, nReps=1, seed=None
11.4391 	EXP 	New trial (rep=0, index=0): {'image': 'PointingImages/Landmark12_statue.jpeg'}
11.7580 	DATA 	Keypress: space
11.8328 	EXP 	text_2: autoDraw = False
11.8328 	EXP 	image_2: image = 'PointingImages/Landmark12_statue.jpeg'
11.8328 	EXP 	image_2: autoDraw = True
11.8328 	EXP 	text_4: autoDraw = True
15.3438 	DATA 	Mouse: Left button down, pos=(1487,308)
15.3467 	EXP 	New trial (rep=0, index=1): {'image': 'PointingImages/Landmark11_painting.jpeg'}
15.7422 	DATA 	Mouse:  Left button up, pos=(1487,308)
15.7439 	DATA 	Mouse: Left button down, pos=(1487,308)
15.7511 	DATA 	Mouse:  Left button up, pos=(1487,308)
15.8708 	EXP 	image_2: autoDraw = False
15.8708 	EXP 	text_4: autoDraw = False
15.8708 	EXP 	image_2: image = 'PointingImages/Landmark11_painting.jpeg'
15.8708 	EXP 	image_2: autoDraw = True
15.8708 	EXP 	text_4: autoDraw = True
16.4633 	DATA 	Mouse: Left button down, pos=(1487,308)
16.4780 	EXP 	New trial (rep=0, index=2): {'image': 'PointingImages/Landmark7_painting.jpeg'}
16.7924 	DATA 	Mouse:  Left button up, pos=(1487,308)
16.7926 	DATA 	Mouse: Left button down, pos=(1487,308)
16.8131 	EXP 	image_2: autoDraw = False
16.8131 	EXP 	text_4: autoDraw = False
16.8131 	EXP 	image_2: image = 'PointingImages/Landmark7_painting.jpeg'
16.8131 	EXP 	image_2: autoDraw = True
16.8131 	EXP 	text_4: autoDraw = True
16.8582 	DATA 	Mouse:  Left button up, pos=(1487,308)
17.3141 	DATA 	Mouse: Left button down, pos=(1487,308)
17.3273 	EXP 	New trial (rep=0, index=3): {'image': 'PointingImages/Landmark8_painting.jpeg'}
17.6619 	DATA 	Mouse:  Left button up, pos=(1487,308)
17.6621 	DATA 	Mouse: Left button down, pos=(1487,308)
17.7825 	EXP 	image_2: autoDraw = False
17.7825 	EXP 	text_4: autoDraw = False
17.7825 	EXP 	image_2: image = 'PointingImages/Landmark8_painting.jpeg'
17.7825 	EXP 	image_2: autoDraw = True
17.7825 	EXP 	text_4: autoDraw = True
17.7829 	DATA 	Mouse:  Left button up, pos=(1487,308)
18.5655 	DATA 	Mouse: Left button down, pos=(1487,308)
18.5798 	EXP 	New trial (rep=0, index=4): {'image': 'PointingImages/Landmark9_painting.jpeg'}
18.9275 	DATA 	Mouse:  Left button up, pos=(1487,308)
18.9278 	DATA 	Mouse: Left button down, pos=(1487,308)
19.0499 	EXP 	image_2: autoDraw = False
19.0499 	EXP 	text_4: autoDraw = False
19.0499 	EXP 	image_2: image = 'PointingImages/Landmark9_painting.jpeg'
19.0499 	EXP 	image_2: autoDraw = True
19.0499 	EXP 	text_4: autoDraw = True
19.0506 	DATA 	Mouse:  Left button up, pos=(1487,308)
24.4762 	DATA 	Mouse: Left button down, pos=(1507,218)
24.4780 	EXP 	New trial (rep=0, index=5): {'image': 'PointingImages/Landmark10_statue.jpeg'}
24.7894 	DATA 	Mouse:  Left button up, pos=(1507,218)
24.7896 	DATA 	Mouse: Left button down, pos=(1507,218)
24.8076 	EXP 	image_2: autoDraw = False
24.8076 	EXP 	text_4: autoDraw = False
24.8076 	EXP 	image_2: image = 'PointingImages/Landmark10_statue.jpeg'
24.8076 	EXP 	image_2: autoDraw = True
24.8076 	EXP 	text_4: autoDraw = True
24.8577 	DATA 	Mouse:  Left button up, pos=(1507,218)
25.2304 	DATA 	Mouse: Left button down, pos=(1507,218)
25.2454 	EXP 	New trial (rep=0, index=6): {'image': 'PointingImages/Landmark3_WaterFountain.jpeg'}
25.6380 	DATA 	Mouse:  Left button up, pos=(1507,218)
25.6384 	DATA 	Mouse: Left button down, pos=(1507,218)
25.6387 	DATA 	Mouse:  Left button up, pos=(1507,218)
25.6454 	DATA 	Mouse: Left button down, pos=(1507,218)
25.6624 	EXP 	image_2: autoDraw = False
25.6624 	EXP 	text_4: autoDraw = False
25.6624 	EXP 	image_2: image = 'PointingImages/Landmark3_WaterFountain.jpeg'
25.6624 	EXP 	image_2: autoDraw = True
25.6624 	EXP 	text_4: autoDraw = True
25.7926 	DATA 	Mouse:  Left button up, pos=(1507,218)
26.0092 	DATA 	Mouse: Left button down, pos=(1507,218)
26.0104 	EXP 	New trial (rep=0, index=7): {'image': 'PointingImages/Landmark6_map.jpeg'}
26.4021 	DATA 	Mouse:  Left button up, pos=(1507,218)
26.4023 	DATA 	Mouse: Left button down, pos=(1507,218)
26.4024 	DATA 	Mouse:  Left button up, pos=(1507,218)
26.4026 	DATA 	Mouse: Left button down, pos=(1507,218)
26.5252 	EXP 	image_2: autoDraw = False
26.5252 	EXP 	text_4: autoDraw = False
26.5252 	EXP 	image_2: image = 'PointingImages/Landmark6_map.jpeg'
26.5252 	EXP 	image_2: autoDraw = True
26.5252 	EXP 	text_4: autoDraw = True
26.5259 	DATA 	Mouse:  Left button up, pos=(1507,218)
26.5459 	DATA 	Mouse: Left button down, pos=(1507,218)
26.5598 	EXP 	New trial (rep=0, index=8): {'image': 'PointingImages/Landmark1_book.jpeg'}
26.8768 	DATA 	Mouse:  Left button up, pos=(1507,218)
26.8771 	DATA 	Mouse: Left button down, pos=(1507,218)
26.8773 	DATA 	Mouse:  Left button up, pos=(1507,218)
26.8957 	EXP 	image_2: autoDraw = False
26.8957 	EXP 	text_4: autoDraw = False
26.8957 	EXP 	image_2: image = 'PointingImages/Landmark1_book.jpeg'
26.8957 	EXP 	image_2: autoDraw = True
26.8957 	EXP 	text_4: autoDraw = True
26.8989 	DATA 	Mouse: Left button down, pos=(1507,218)
26.9054 	EXP 	New trial (rep=0, index=9): {'image': 'PointingImages/Landmark4_vase.jpeg'}
27.2146 	DATA 	Mouse:  Left button up, pos=(1507,218)
27.2148 	DATA 	Mouse: Left button down, pos=(1507,218)
27.2150 	DATA 	Mouse:  Left button up, pos=(1507,218)
27.3369 	EXP 	image_2: autoDraw = False
27.3369 	EXP 	text_4: autoDraw = False
27.3369 	EXP 	image_2: image = 'PointingImages/Landmark4_vase.jpeg'
27.3369 	EXP 	image_2: autoDraw = True
27.3369 	EXP 	text_4: autoDraw = True
27.3375 	DATA 	Mouse: Left button down, pos=(1507,218)
27.3388 	EXP 	New trial (rep=0, index=10): {'image': 'PointingImages/Landmark2_painting.jpeg'}
27.6743 	DATA 	Mouse:  Left button up, pos=(1507,218)
27.6745 	DATA 	Mouse: Left button down, pos=(1507,218)
27.6747 	DATA 	Mouse:  Left button up, pos=(1507,218)
27.6864 	EXP 	image_2: autoDraw = False
27.6864 	EXP 	text_4: autoDraw = False
27.6864 	EXP 	image_2: image = 'PointingImages/Landmark2_painting.jpeg'
27.6864 	EXP 	image_2: autoDraw = True
27.6864 	EXP 	text_4: autoDraw = True
27.6870 	DATA 	Mouse: Left button down, pos=(1507,218)
27.6885 	EXP 	New trial (rep=0, index=11): {'image': 'PointingImages/Landmark5_painting.jpeg'}
28.0446 	DATA 	Mouse:  Left button up, pos=(1507,218)
28.0448 	DATA 	Mouse: Left button down, pos=(1507,218)
28.0450 	DATA 	Mouse:  Left button up, pos=(1507,218)
28.0451 	DATA 	Mouse: Left button down, pos=(1507,218)
28.0558 	EXP 	image_2: autoDraw = False
28.0558 	EXP 	text_4: autoDraw = False
28.0558 	EXP 	image_2: image = 'PointingImages/Landmark5_painting.jpeg'
28.0558 	EXP 	image_2: autoDraw = True
28.0558 	EXP 	text_4: autoDraw = True
28.1399 	DATA 	Mouse:  Left button up, pos=(1507,218)
28.2394 	DATA 	Mouse: Left button down, pos=(1507,218)
28.2545 	EXP 	image_2: autoDraw = False
28.2545 	EXP 	text_4: autoDraw = False
28.2545 	EXP 	text_3: autoDraw = True
28.3253 	DATA 	Mouse:  Left button up, pos=(1507,218)
28.3899 	DATA 	Mouse: Left button down, pos=(1507,218)
28.5080 	DATA 	Mouse:  Left button up, pos=(1507,218)
28.5750 	DATA 	Mouse: Left button down, pos=(1507,218)
28.7908 	DATA 	Mouse:  Left button up, pos=(1507,218)
30.1093 	DATA 	Mouse: Left button down, pos=(1507,218)
30.1442 	DATA 	Mouse:  Left button up, pos=(1507,218)
30.1935 	DATA 	Mouse: Left button down, pos=(1507,218)
30.2555 	EXP 	text_3: autoDraw = False
30.2555 	EXP 	text_3: autoDraw = False
30.5129 	EXP 	window1: mouseVisible = True
