4.3648 	WARNING 	We strongly recommend you activate the PTB sound engine in PsychoPy prefs as the preferred audio engine. Its timing is vastly superior. Your prefs are currently set to use ['sounddevice', 'PTB', 'pyo', 'pygame'] (in that order).
10.1721 	WARNING 	User requested fullscreen with size [1024  768], but screen is actually [1680, 1050]. Using actual size
12.5673 	WARNING 	Couldn't measure a consistent frame rate!
  - Is your graphics card set to sync to vertical blank?
  - Are you running other processes on your computer?

12.5683 	EXP 	Created window1 = Window(allowGUI=True, allowStencil=False, autoLog=True, backendConf=UNKNOWN, bitsMode=UNKNOWN, blendMode='avg', bpc=(8, 8, 8), color=array([0, 0, 0]), colorSpace='rgb', depthBits=8, fullscr=<method-wrapper '__getattribute__' of attributeSetter object at 0x7f824823bc40>, gamma=None, gammaErrorPolicy='raise', lms=UNKNOWN, monitor=<psychopy.monitors.calibTools.Monitor object at 0x7f821ada5b50>, multiSample=False, name='window1', numSamples=2, pos=[420.0, 262.5], screen=0, size=array([3360, 2100]), stencilBits=0, stereo=False, units='height', useFBO=True, useRetina=True, viewOri=0.0, viewPos=None, viewScale=None, waitBlanking=True, winType='pyglet')
12.5689 	EXP 	window1: mouseVisible = True
12.5715 	EXP 	window1: mouseVisible = False
12.5715 	EXP 	window1: Attempting to measure frame rate of screen (0) ...
12.5716 	EXP 	window1: recordFrameIntervals = False
12.7320 	EXP 	window1: recordFrameIntervals = True
12.7720 	WARNING 	t of last frame was 25.77ms (=1/38)
13.4552 	WARNING 	t of last frame was 25.39ms (=1/39)
13.5070 	WARNING 	t of last frame was 21.30ms (=1/46)
13.6221 	WARNING 	t of last frame was 24.10ms (=1/41)
13.7111 	WARNING 	Multiple dropped frames have occurred - I'll stop bothering you about them!
14.3439 	WARNING 	Couldn't measure a consistent frame rate!
  - Is your graphics card set to sync to vertical blank?
  - Are you running other processes on your computer?

17.0958 	EXP 	Created text = TextStim(__class__=<class 'psychopy.visual.text.TextStim'>, alignHoriz=method-wrapper(...), alignText='center', alignVert=method-wrapper(...), anchorHoriz='center', anchorVert='center', antialias=True, autoDraw=False, autoLog=True, bold=False, color=array([1, 1, 1]), colorSpace='rgb', contrast=1.0, depth=0.0, flipHoriz=False, flipVert=False, font='Open Sans', fontFiles=[], height=0.05, italic=False, languageStyle='LTR', name='text', opacity=1.0, ori=0.0, pos=array([0., 0.]), rgb=UNKNOWN, text='Welcome to the SEAL Pointing Task', units='height', win=Window(...), wrapWidth=1)
17.1123 	EXP 	Created text_2 = TextStim(__class__=<class 'psychopy.visual.text.TextStim'>, alignHoriz=method-wrapper(...), alignText='center', alignVert=method-wrapper(...), anchorHoriz='center', anchorVert='center', antialias=True, autoDraw=False, autoLog=True, bold=False, color=array([1, 1, 1]), colorSpace='rgb', contrast=1.0, depth=0.0, flipHoriz=False, flipVert=False, font='Open Sans', fontFiles=[], height=0.05, italic=False, languageStyle='LTR', name='text_2', opacity=1.0, ori=0.0, pos=array([0.  , 0.15]), rgb=UNKNOWN, text=str(...), units='height', win=Window(...), wrapWidth=1)
17.1502 	EXP 	window1: mouseVisible = True
17.1557 	EXP 	Created image_2 = ImageStim(__class__=<class 'psychopy.visual.image.ImageStim'>, anchor=('center', 'center'), autoLog=True, color=array([1, 1, 1]), colorSpace='rgb', contrast=1.0, depth=0.0, flipHoriz=False, flipVert=False, image='sin', interpolate=True, mask=None, maskParams=None, name='image_2', opacity=1.0, ori=0.0, pos=array([0., 0.]), size=array([0.5, 0.5]), texRes=128.0, units='height', win=Window(...))
17.1601 	EXP 	Created text_4 = TextStim(__class__=<class 'psychopy.visual.text.TextStim'>, alignHoriz=method-wrapper(...), alignText='center', alignVert=method-wrapper(...), anchorHoriz='center', anchorVert='center', antialias=True, autoDraw=False, autoLog=True, bold=False, color=array([1, 1, 1]), colorSpace='rgb', contrast=1.0, depth=-1.0, flipHoriz=False, flipVert=False, font='Open Sans', fontFiles=[], height=0.05, italic=False, languageStyle='LTR', name='text_4', opacity=1.0, ori=0.0, pos=array([0. , 0.4]), rgb=UNKNOWN, text=str(...), units='height', win=Window(...), wrapWidth=1)
17.1876 	EXP 	window1: mouseVisible = True
17.1924 	EXP 	Created image_3 = ImageStim(__class__=<class 'psychopy.visual.image.ImageStim'>, anchor=('center', 'center'), autoLog=True, color=array([1, 1, 1]), colorSpace='rgb', contrast=1.0, depth=0.0, flipHoriz=False, flipVert=False, image='sin', interpolate=True, mask=None, maskParams=None, name='image_3', opacity=1.0, ori=0.0, pos=array([0., 0.]), size=array([0.5, 0.5]), texRes=128.0, units='height', win=Window(...))
17.1965 	EXP 	Created text_5 = TextStim(__class__=<class 'psychopy.visual.text.TextStim'>, alignHoriz=method-wrapper(...), alignText='center', alignVert=method-wrapper(...), anchorHoriz='center', anchorVert='center', antialias=True, autoDraw=False, autoLog=True, bold=False, color=array([1, 1, 1]), colorSpace='rgb', contrast=1.0, depth=-1.0, flipHoriz=False, flipVert=False, font='Open Sans', fontFiles=[], height=0.05, italic=False, languageStyle='LTR', name='text_5', opacity=1.0, ori=0.0, pos=array([0. , 0.4]), rgb=UNKNOWN, text=str(...), units='height', win=Window(...), wrapWidth=1)
17.2036 	EXP 	window1: mouseVisible = True
17.2077 	EXP 	Created text_3 = TextStim(__class__=<class 'psychopy.visual.text.TextStim'>, alignHoriz=method-wrapper(...), alignText='center', alignVert=method-wrapper(...), anchorHoriz='center', anchorVert='center', antialias=True, autoDraw=False, autoLog=True, bold=False, color=array([1, 1, 1]), colorSpace='rgb', contrast=1.0, depth=0.0, flipHoriz=False, flipVert=False, font='Open Sans', fontFiles=[], height=0.05, italic=False, languageStyle='LTR', name='text_3', opacity=1.0, ori=0.0, pos=array([0., 0.]), rgb=UNKNOWN, text=str(...), units='height', win=Window(...), wrapWidth=1)
17.2259 	EXP 	LowerBox: autoLog = True
17.2259 	EXP 	UpperBox: autoLog = True
17.2259 	EXP 	text: autoDraw = True
19.2575 	EXP 	text: autoDraw = False
19.2575 	EXP 	text_2: autoDraw = True
19.2575 	EXP 	LowerBox: autoDraw = True
19.2575 	EXP 	UpperBox: autoDraw = True
23.6510 	DATA 	Mouse: Left button down, pos=(1051,135)
23.6526 	DATA 	Mouse:  Left button up, pos=(1051,135)
23.8163 	DATA 	Mouse: Left button down, pos=(1051,135)
23.8169 	DATA 	Mouse:  Left button up, pos=(1051,135)
26.5461 	DATA 	Mouse: Left button down, pos=(1051,135)
26.5485 	EXP 	Created sequence: random, trialTypes=1, nReps=0, seed=None
26.5487 	EXP 	Created sequence: sequential, trialTypes=1, nReps=1, seed=None
26.5489 	EXP 	New trial (rep=0, index=0): None
26.5600 	EXP 	Imported PointingStims.xlsx as conditions, 12 conditions, 2 params
26.5606 	EXP 	Created sequence: sequential, trialTypes=12, nReps=1, seed=None
26.5611 	EXP 	New trial (rep=0, index=0): {'imageU': 'PointingImages/Landmark12_statue.jpeg', 'imageL': 'PointingImages/Landmark3_waterfountain.jpeg'}
27.0728 	DATA 	Mouse:  Left button up, pos=(1051,135)
27.0733 	DATA 	Mouse: Left button down, pos=(1051,135)
27.0738 	DATA 	Mouse:  Left button up, pos=(1051,135)
27.1456 	EXP 	text_2: autoDraw = False
27.1456 	EXP 	LowerBox: autoDraw = False
27.1456 	EXP 	UpperBox: autoDraw = False
27.1456 	EXP 	image_3: image = 'PointingImages/Landmark12_statue.jpeg'
27.1456 	EXP 	image_3: autoDraw = True
27.1456 	EXP 	text_5: autoDraw = True
47.4361 	DATA 	Mouse: Left button down, pos=(780,142)
47.4397 	EXP 	New trial (rep=0, index=1): {'imageU': 'PointingImages/Landmark11_painting.jpeg', 'imageL': 'PointingImages/Landmark6_map.jpeg'}
48.0595 	DATA 	Mouse:  Left button up, pos=(780,142)
48.0605 	DATA 	Mouse: Left button down, pos=(780,142)
48.0611 	DATA 	Mouse:  Left button up, pos=(780,142)
48.0834 	EXP 	image_3: autoDraw = False
48.0834 	EXP 	text_5: autoDraw = False
48.0834 	EXP 	image_3: image = 'PointingImages/Landmark11_painting.jpeg'
48.0834 	EXP 	image_3: autoDraw = True
48.0834 	EXP 	text_5: autoDraw = True
49.8462 	DATA 	Mouse: Left button down, pos=(780,142)
49.8475 	EXP 	New trial (rep=0, index=2): {'imageU': 'PointingImages/Landmark7_painting.jpeg', 'imageL': 'PointingImages/Landmark1_book.jpeg'}
50.2719 	DATA 	Mouse:  Left button up, pos=(780,142)
50.2725 	DATA 	Mouse: Left button down, pos=(780,142)
50.2729 	DATA 	Mouse:  Left button up, pos=(780,142)
50.2936 	EXP 	image_3: autoDraw = False
50.2936 	EXP 	text_5: autoDraw = False
50.2936 	EXP 	image_3: image = 'PointingImages/Landmark7_painting.jpeg'
50.2936 	EXP 	image_3: autoDraw = True
50.2936 	EXP 	text_5: autoDraw = True
54.7372 	DATA 	Mouse: Left button down, pos=(780,142)
54.7404 	EXP 	New trial (rep=0, index=3): {'imageU': 'PointingImages/Landmark8_painting.jpeg', 'imageL': 'PointingImages/Landmark4_vase.jpeg'}
55.1994 	DATA 	Mouse:  Left button up, pos=(780,142)
55.1999 	DATA 	Mouse: Left button down, pos=(780,142)
55.2003 	DATA 	Mouse:  Left button up, pos=(780,142)
55.2175 	EXP 	image_3: autoDraw = False
55.2175 	EXP 	text_5: autoDraw = False
55.2175 	EXP 	image_3: image = 'PointingImages/Landmark8_painting.jpeg'
55.2175 	EXP 	image_3: autoDraw = True
55.2175 	EXP 	text_5: autoDraw = True
56.8445 	DATA 	Mouse: Left button down, pos=(780,142)
56.8465 	EXP 	New trial (rep=0, index=4): {'imageU': 'PointingImages/Landmark9_painting.jpeg', 'imageL': 'PointingImages/Landmark2_painting.jpeg'}
57.2515 	DATA 	Mouse:  Left button up, pos=(780,142)
57.2520 	DATA 	Mouse: Left button down, pos=(780,142)
57.2525 	DATA 	Mouse:  Left button up, pos=(780,142)
57.2723 	EXP 	image_3: autoDraw = False
57.2723 	EXP 	text_5: autoDraw = False
57.2723 	EXP 	image_3: image = 'PointingImages/Landmark9_painting.jpeg'
57.2723 	EXP 	image_3: autoDraw = True
57.2723 	EXP 	text_5: autoDraw = True
59.5827 	DATA 	Mouse: Left button down, pos=(780,142)
59.5845 	EXP 	New trial (rep=0, index=5): {'imageU': 'PointingImages/Landmark10_statue.jpeg', 'imageL': 'PointingImages/Landmark5_painting.jpeg'}
59.9163 	DATA 	Mouse:  Left button up, pos=(780,142)
59.9169 	DATA 	Mouse: Left button down, pos=(780,142)
59.9174 	DATA 	Mouse:  Left button up, pos=(780,142)
59.9391 	EXP 	image_3: autoDraw = False
59.9391 	EXP 	text_5: autoDraw = False
59.9391 	EXP 	image_3: image = 'PointingImages/Landmark10_statue.jpeg'
59.9391 	EXP 	image_3: autoDraw = True
59.9391 	EXP 	text_5: autoDraw = True
61.6540 	DATA 	Mouse: Left button down, pos=(780,142)
61.6565 	EXP 	New trial (rep=0, index=6): {'imageU': 'PointingImages/Landmark3_waterfountain.jpeg', 'imageL': 'PointingImages/Landmark12_statue.jpeg'}
62.0129 	DATA 	Mouse:  Left button up, pos=(780,142)
62.0137 	DATA 	Mouse: Left button down, pos=(780,142)
62.0144 	DATA 	Mouse:  Left button up, pos=(780,142)
62.0326 	EXP 	image_3: autoDraw = False
62.0326 	EXP 	text_5: autoDraw = False
62.0326 	EXP 	image_3: image = 'PointingImages/Landmark3_waterfountain.jpeg'
62.0326 	EXP 	image_3: autoDraw = True
62.0326 	EXP 	text_5: autoDraw = True
71.1855 	DATA 	Mouse: Left button down, pos=(780,142)
71.1885 	EXP 	New trial (rep=0, index=7): {'imageU': 'PointingImages/Landmark6_map.jpeg', 'imageL': 'PointingImages/Landmark11_painting.jpeg'}
71.6695 	DATA 	Mouse:  Left button up, pos=(780,142)
71.6701 	DATA 	Mouse: Left button down, pos=(780,142)
71.6705 	DATA 	Mouse:  Left button up, pos=(780,142)
71.7069 	EXP 	image_3: autoDraw = False
71.7069 	EXP 	text_5: autoDraw = False
71.7069 	EXP 	image_3: image = 'PointingImages/Landmark6_map.jpeg'
71.7069 	EXP 	image_3: autoDraw = True
71.7069 	EXP 	text_5: autoDraw = True
86.1217 	DATA 	Mouse: Left button down, pos=(786,139)
86.1237 	EXP 	New trial (rep=0, index=8): {'imageU': 'PointingImages/Landmark1_book.jpeg', 'imageL': 'PointingImages/Landmark7_painting.jpeg'}
86.5216 	DATA 	Mouse:  Left button up, pos=(786,139)
86.5223 	DATA 	Mouse: Left button down, pos=(786,139)
86.5229 	DATA 	Mouse:  Left button up, pos=(786,139)
86.5443 	EXP 	image_3: autoDraw = False
86.5443 	EXP 	text_5: autoDraw = False
86.5443 	EXP 	image_3: image = 'PointingImages/Landmark1_book.jpeg'
86.5443 	EXP 	image_3: autoDraw = True
86.5443 	EXP 	text_5: autoDraw = True
87.4965 	DATA 	Mouse: Left button down, pos=(786,139)
87.5147 	EXP 	New trial (rep=0, index=9): {'imageU': 'PointingImages/Landmark4_vase.jpeg', 'imageL': 'PointingImages/Landmark8_painting.jpeg'}
87.8915 	DATA 	Mouse:  Left button up, pos=(786,139)
87.8921 	DATA 	Mouse: Left button down, pos=(786,139)
87.8925 	DATA 	Mouse:  Left button up, pos=(786,139)
87.9225 	EXP 	image_3: autoDraw = False
87.9225 	EXP 	text_5: autoDraw = False
87.9225 	EXP 	image_3: image = 'PointingImages/Landmark4_vase.jpeg'
87.9225 	EXP 	image_3: autoDraw = True
87.9225 	EXP 	text_5: autoDraw = True
89.8199 	DATA 	Mouse: Left button down, pos=(786,139)
89.8222 	EXP 	New trial (rep=0, index=10): {'imageU': 'PointingImages/Landmark2_painting.jpeg', 'imageL': 'PointingImages/Landmark9_painting.jpeg'}
90.2041 	DATA 	Mouse:  Left button up, pos=(786,139)
90.2046 	DATA 	Mouse: Left button down, pos=(786,139)
90.2051 	DATA 	Mouse:  Left button up, pos=(786,139)
90.2269 	EXP 	image_3: autoDraw = False
90.2269 	EXP 	text_5: autoDraw = False
90.2269 	EXP 	image_3: image = 'PointingImages/Landmark2_painting.jpeg'
90.2269 	EXP 	image_3: autoDraw = True
90.2269 	EXP 	text_5: autoDraw = True
91.2413 	DATA 	Mouse: Left button down, pos=(786,139)
91.2608 	EXP 	New trial (rep=0, index=11): {'imageU': 'PointingImages/Landmark5_painting.jpeg', 'imageL': 'PointingImages/Landmark10_statue.jpeg'}
91.6877 	DATA 	Mouse:  Left button up, pos=(786,139)
91.6882 	DATA 	Mouse: Left button down, pos=(786,139)
91.6888 	DATA 	Mouse:  Left button up, pos=(786,139)
91.7112 	EXP 	image_3: autoDraw = False
91.7112 	EXP 	text_5: autoDraw = False
91.7112 	EXP 	image_3: image = 'PointingImages/Landmark5_painting.jpeg'
91.7112 	EXP 	image_3: autoDraw = True
91.7112 	EXP 	text_5: autoDraw = True
92.4498 	DATA 	Mouse: Left button down, pos=(786,139)
92.4657 	EXP 	image_3: autoDraw = False
92.4657 	EXP 	text_5: autoDraw = False
92.4657 	EXP 	text_3: autoDraw = True
92.5393 	DATA 	Mouse:  Left button up, pos=(786,139)
92.6234 	DATA 	Mouse: Left button down, pos=(786,139)
92.7059 	DATA 	Mouse:  Left button up, pos=(786,139)
94.5542 	EXP 	text_3: autoDraw = False
95.1487 	EXP 	window1: mouseVisible = True
