1.7670 	WARNING 	We strongly recommend you activate the PTB sound engine in PsychoPy prefs as the preferred audio engine. Its timing is vastly superior. Your prefs are currently set to use ['sounddevice', 'PTB', 'pyo', 'pygame'] (in that order).
6.0313 	WARNING 	User requested fullscreen with size [1024  768], but screen is actually [2880, 1920]. Using actual size
7.7519 	EXP 	Created window1 = Window(allowGUI=True, allowStencil=False, autoLog=True, backendConf=UNKNOWN, bitsMode=UNKNOWN, blendMode='avg', bpc=(8, 8, 8), color=array([0, 0, 0]), colorSpace='rgb', depthBits=8, fullscr=<method-wrapper '__getattribute__' of attributeSetter object at 0x0000016882133040>, gamma=None, gammaErrorPolicy='raise', lms=UNKNOWN, monitor=<psychopy.monitors.calibTools.Monitor object at 0x0000016882642520>, multiSample=False, name='window1', numSamples=2, pos=(0, 0), screen=0, size=array([2880, 1920]), stencilBits=0, stereo=False, units='height', useFBO=True, useRetina=False, viewOri=0.0, viewPos=None, viewScale=None, waitBlanking=True, winType='pyglet')
7.7521 	EXP 	window1: mouseVisible = True
7.7522 	EXP 	window1: mouseVisible = False
7.7522 	EXP 	window1: Attempting to measure frame rate of screen (0) ...
7.7523 	EXP 	window1: recordFrameIntervals = False
7.9173 	EXP 	window1: recordFrameIntervals = True
8.1013 	EXP 	Screen (0) actual frame rate measured at 59.93Hz
8.1014 	EXP 	window1: recordFrameIntervals = False
9.9248 	EXP 	Created text = TextStim(__class__=<class 'psychopy.visual.text.TextStim'>, alignHoriz=method-wrapper(...), alignText='center', alignVert=method-wrapper(...), anchorHoriz='center', anchorVert='center', antialias=True, autoDraw=False, autoLog=True, bold=False, color=array([1, 1, 1]), colorSpace='rgb', contrast=1.0, depth=0.0, flipHoriz=False, flipVert=False, font='Open Sans', fontFiles=[], height=0.05, italic=False, languageStyle='LTR', name='text', opacity=1.0, ori=0.0, pos=array([0., 0.]), rgb=UNKNOWN, text='Welcome to the SEAL Pointing Task', units='height', win=Window(...), wrapWidth=1)
9.9438 	EXP 	Created text_2 = TextStim(__class__=<class 'psychopy.visual.text.TextStim'>, alignHoriz=method-wrapper(...), alignText='center', alignVert=method-wrapper(...), anchorHoriz='center', anchorVert='center', antialias=True, autoDraw=False, autoLog=True, bold=False, color=array([1, 1, 1]), colorSpace='rgb', contrast=1.0, depth=0.0, flipHoriz=False, flipVert=False, font='Open Sans', fontFiles=[], height=0.05, italic=False, languageStyle='LTR', name='text_2', opacity=1.0, ori=0.0, pos=array([0., 0.]), rgb=UNKNOWN, text=str(...), units='height', win=Window(...), wrapWidth=1)
9.9590 	EXP 	Created image_2 = ImageStim(__class__=<class 'psychopy.visual.image.ImageStim'>, anchor=('center', 'center'), autoLog=True, color=array([1, 1, 1]), colorSpace='rgb', contrast=1.0, depth=0.0, flipHoriz=False, flipVert=False, image='sin', interpolate=True, mask=None, maskParams=None, name='image_2', opacity=1.0, ori=0.0, pos=array([0., 0.]), size=array([0.5, 0.5]), texRes=128.0, units='height', win=Window(...))
9.9637 	EXP 	Created text_4 = TextStim(__class__=<class 'psychopy.visual.text.TextStim'>, alignHoriz=method-wrapper(...), alignText='center', alignVert=method-wrapper(...), anchorHoriz='center', anchorVert='center', antialias=True, autoDraw=False, autoLog=True, bold=False, color=array([1, 1, 1]), colorSpace='rgb', contrast=1.0, depth=-1.0, flipHoriz=False, flipVert=False, font='Open Sans', fontFiles=[], height=0.05, italic=False, languageStyle='LTR', name='text_4', opacity=1.0, ori=0.0, pos=array([0. , 0.4]), rgb=UNKNOWN, text=str(...), units='height', win=Window(...), wrapWidth=1)
9.9669 	EXP 	Created text_5 = TextStim(__class__=<class 'psychopy.visual.text.TextStim'>, alignHoriz=method-wrapper(...), alignText='center', alignVert=method-wrapper(...), anchorHoriz='center', anchorVert='center', antialias=True, autoDraw=False, autoLog=True, bold=False, color=array([1, 1, 1]), colorSpace='rgb', contrast=1.0, depth=-2.0, flipHoriz=False, flipVert=False, font='Open Sans', fontFiles=[], height=0.05, italic=False, languageStyle='LTR', name='text_5', opacity=1.0, ori=0.0, pos=array([ 0.  , -0.35]), rgb=UNKNOWN, text='Please press SPACE to continue', units='height', win=Window(...), wrapWidth=1)
9.9715 	EXP 	Created text_3 = TextStim(__class__=<class 'psychopy.visual.text.TextStim'>, alignHoriz=method-wrapper(...), alignText='center', alignVert=method-wrapper(...), anchorHoriz='center', anchorVert='center', antialias=True, autoDraw=False, autoLog=True, bold=False, color=array([1, 1, 1]), colorSpace='rgb', contrast=1.0, depth=0.0, flipHoriz=False, flipVert=False, font='Open Sans', fontFiles=[], height=0.05, italic=False, languageStyle='LTR', name='text_3', opacity=1.0, ori=0.0, pos=array([0., 0.]), rgb=UNKNOWN, text=str(...), units='height', win=Window(...), wrapWidth=1)
9.9827 	EXP 	text: autoDraw = True
11.9838 	EXP 	text: autoDraw = False
11.9838 	EXP 	text: autoDraw = False
11.9838 	EXP 	text_2: autoDraw = True
21.3390 	DATA 	Keypress: space
21.3883 	EXP 	Imported PointingStims.xlsx as conditions, 12 conditions, 1 params
21.3898 	EXP 	Created sequence: sequential, trialTypes=12, nReps=1, seed=None
21.3901 	EXP 	New trial (rep=0, index=0): {'image': 'PointingImages/Landmark12_statue.jpeg'}
21.8173 	EXP 	text_2: autoDraw = False
21.8173 	EXP 	image_2: image = 'PointingImages/Landmark12_statue.jpeg'
21.8173 	EXP 	image_2: autoDraw = True
21.8173 	EXP 	text_4: autoDraw = True
21.8173 	EXP 	text_5: autoDraw = True
34.3500 	EXP 	New trial (rep=0, index=1): {'image': 'PointingImages/Landmark11_painting.jpeg'}
34.7959 	DATA 	Keypress: space
34.9236 	EXP 	image_2: autoDraw = False
34.9236 	EXP 	text_4: autoDraw = False
34.9236 	EXP 	text_5: autoDraw = False
34.9236 	EXP 	image_2: image = 'PointingImages/Landmark11_painting.jpeg'
34.9236 	EXP 	image_2: autoDraw = True
34.9236 	EXP 	text_4: autoDraw = True
34.9236 	EXP 	text_5: autoDraw = True
35.5249 	DATA 	Keypress: space
35.5404 	EXP 	New trial (rep=0, index=2): {'image': 'PointingImages/Landmark7_painting.jpeg'}
35.9249 	EXP 	image_2: autoDraw = False
35.9249 	EXP 	text_4: autoDraw = False
35.9249 	EXP 	text_5: autoDraw = False
35.9249 	EXP 	image_2: image = 'PointingImages/Landmark7_painting.jpeg'
35.9249 	EXP 	image_2: autoDraw = True
35.9249 	EXP 	text_4: autoDraw = True
35.9249 	EXP 	text_5: autoDraw = True
36.5568 	DATA 	Keypress: space
36.5719 	EXP 	New trial (rep=0, index=3): {'image': 'PointingImages/Landmark8_painting.jpeg'}
37.1359 	EXP 	image_2: autoDraw = False
37.1359 	EXP 	text_4: autoDraw = False
37.1359 	EXP 	text_5: autoDraw = False
37.1359 	EXP 	image_2: image = 'PointingImages/Landmark8_painting.jpeg'
37.1359 	EXP 	image_2: autoDraw = True
37.1359 	EXP 	text_4: autoDraw = True
37.1359 	EXP 	text_5: autoDraw = True
37.7411 	DATA 	Keypress: space
37.7554 	EXP 	New trial (rep=0, index=4): {'image': 'PointingImages/Landmark9_painting.jpeg'}
38.7646 	EXP 	image_2: autoDraw = False
38.7646 	EXP 	text_4: autoDraw = False
38.7646 	EXP 	text_5: autoDraw = False
38.7646 	EXP 	image_2: image = 'PointingImages/Landmark9_painting.jpeg'
38.7646 	EXP 	image_2: autoDraw = True
38.7646 	EXP 	text_4: autoDraw = True
38.7646 	EXP 	text_5: autoDraw = True
39.5054 	EXP 	New trial (rep=0, index=5): {'image': 'PointingImages/Landmark10_statue.jpeg'}
40.1414 	DATA 	Keypress: space
40.1600 	EXP 	image_2: autoDraw = False
40.1600 	EXP 	text_4: autoDraw = False
40.1600 	EXP 	text_5: autoDraw = False
40.1600 	EXP 	image_2: image = 'PointingImages/Landmark10_statue.jpeg'
40.1600 	EXP 	image_2: autoDraw = True
40.1600 	EXP 	text_4: autoDraw = True
40.1600 	EXP 	text_5: autoDraw = True
40.8388 	EXP 	New trial (rep=0, index=6): {'image': 'PointingImages/Landmark3_WaterFountain.jpeg'}
41.1873 	DATA 	Keypress: space
41.2012 	EXP 	image_2: autoDraw = False
41.2012 	EXP 	text_4: autoDraw = False
41.2012 	EXP 	text_5: autoDraw = False
41.2012 	EXP 	image_2: image = 'PointingImages/Landmark3_WaterFountain.jpeg'
41.2012 	EXP 	image_2: autoDraw = True
41.2012 	EXP 	text_4: autoDraw = True
41.2012 	EXP 	text_5: autoDraw = True
43.0929 	DATA 	Keypress: space
43.1049 	EXP 	New trial (rep=0, index=7): {'image': 'PointingImages/Landmark6_map.jpeg'}
43.6855 	EXP 	image_2: autoDraw = False
43.6855 	EXP 	text_4: autoDraw = False
43.6855 	EXP 	text_5: autoDraw = False
43.6855 	EXP 	image_2: image = 'PointingImages/Landmark6_map.jpeg'
43.6855 	EXP 	image_2: autoDraw = True
43.6855 	EXP 	text_4: autoDraw = True
43.6855 	EXP 	text_5: autoDraw = True
51.0742 	DATA 	Keypress: space
51.0876 	EXP 	New trial (rep=0, index=8): {'image': 'PointingImages/Landmark1_book.jpeg'}
51.4885 	EXP 	image_2: autoDraw = False
51.4885 	EXP 	text_4: autoDraw = False
51.4885 	EXP 	text_5: autoDraw = False
51.4885 	EXP 	image_2: image = 'PointingImages/Landmark1_book.jpeg'
51.4885 	EXP 	image_2: autoDraw = True
51.4885 	EXP 	text_4: autoDraw = True
51.4885 	EXP 	text_5: autoDraw = True
54.3417 	DATA 	Keypress: space
54.3552 	EXP 	New trial (rep=0, index=9): {'image': 'PointingImages/Landmark4_vase.jpeg'}
55.0159 	EXP 	image_2: autoDraw = False
55.0159 	EXP 	text_4: autoDraw = False
55.0159 	EXP 	text_5: autoDraw = False
55.0159 	EXP 	image_2: image = 'PointingImages/Landmark4_vase.jpeg'
55.0159 	EXP 	image_2: autoDraw = True
55.0159 	EXP 	text_4: autoDraw = True
55.0159 	EXP 	text_5: autoDraw = True
55.6250 	DATA 	Keypress: space
55.6388 	EXP 	New trial (rep=0, index=10): {'image': 'PointingImages/Landmark2_painting.jpeg'}
55.9670 	EXP 	image_2: autoDraw = False
55.9670 	EXP 	text_4: autoDraw = False
55.9670 	EXP 	text_5: autoDraw = False
55.9670 	EXP 	image_2: image = 'PointingImages/Landmark2_painting.jpeg'
55.9670 	EXP 	image_2: autoDraw = True
55.9670 	EXP 	text_4: autoDraw = True
55.9670 	EXP 	text_5: autoDraw = True
58.8884 	EXP 	New trial (rep=0, index=11): {'image': 'PointingImages/Landmark5_painting.jpeg'}
59.2191 	DATA 	Keypress: space
59.2345 	EXP 	image_2: autoDraw = False
59.2345 	EXP 	text_4: autoDraw = False
59.2345 	EXP 	text_5: autoDraw = False
59.2345 	EXP 	image_2: image = 'PointingImages/Landmark5_painting.jpeg'
59.2345 	EXP 	image_2: autoDraw = True
59.2345 	EXP 	text_4: autoDraw = True
59.2345 	EXP 	text_5: autoDraw = True
59.8575 	DATA 	Keypress: space
59.8835 	EXP 	image_2: autoDraw = False
59.8835 	EXP 	text_4: autoDraw = False
59.8835 	EXP 	text_5: autoDraw = False
59.8835 	EXP 	text_3: autoDraw = True
61.8837 	EXP 	text_3: autoDraw = False
61.8837 	EXP 	text_3: autoDraw = False
62.0849 	EXP 	window1: mouseVisible = True
