5.8073 	WARNING 	We strongly recommend you activate the PTB sound engine in PsychoPy prefs as the preferred audio engine. Its timing is vastly superior. Your prefs are currently set to use ['sounddevice', 'PTB', 'pyo', 'pygame'] (in that order).
11.8859 	WARNING 	User requested fullscreen with size [1024  768], but screen is actually [1680, 1050]. Using actual size
14.2728 	WARNING 	Couldn't measure a consistent frame rate!
  - Is your graphics card set to sync to vertical blank?
  - Are you running other processes on your computer?

14.2733 	EXP 	Created window1 = Window(allowGUI=True, allowStencil=False, autoLog=True, backendConf=UNKNOWN, bitsMode=UNKNOWN, blendMode='avg', bpc=(8, 8, 8), color=array([0, 0, 0]), colorSpace='rgb', depthBits=8, fullscr=<method-wrapper '__getattribute__' of attributeSetter object at 0x7fbb61122940>, gamma=None, gammaErrorPolicy='raise', lms=UNKNOWN, monitor=<psychopy.monitors.calibTools.Monitor object at 0x7fbb2df25a60>, multiSample=False, name='window1', numSamples=2, pos=[420.0, 262.5], screen=0, size=array([3360, 2100]), stencilBits=0, stereo=False, units='height', useFBO=True, useRetina=True, viewOri=0.0, viewPos=None, viewScale=None, waitBlanking=True, winType='pyglet')
14.2735 	EXP 	window1: mouseVisible = True
14.2747 	EXP 	window1: mouseVisible = False
14.2747 	EXP 	window1: Attempting to measure frame rate of screen (0) ...
14.2748 	EXP 	window1: recordFrameIntervals = False
14.4287 	EXP 	window1: recordFrameIntervals = True
14.7252 	WARNING 	t of last frame was 27.48ms (=1/36)
14.9062 	WARNING 	t of last frame was 23.86ms (=1/41)
15.0230 	WARNING 	t of last frame was 25.23ms (=1/39)
15.1729 	WARNING 	t of last frame was 23.18ms (=1/43)
15.2561 	WARNING 	Multiple dropped frames have occurred - I'll stop bothering you about them!
16.0591 	WARNING 	Couldn't measure a consistent frame rate!
  - Is your graphics card set to sync to vertical blank?
  - Are you running other processes on your computer?

18.6242 	EXP 	Created text = TextStim(__class__=<class 'psychopy.visual.text.TextStim'>, alignHoriz=method-wrapper(...), alignText='center', alignVert=method-wrapper(...), anchorHoriz='center', anchorVert='center', antialias=True, autoDraw=False, autoLog=True, bold=False, color=array([1, 1, 1]), colorSpace='rgb', contrast=1.0, depth=0.0, flipHoriz=False, flipVert=False, font='Open Sans', fontFiles=[], height=0.05, italic=False, languageStyle='LTR', name='text', opacity=1.0, ori=0.0, pos=array([0., 0.]), rgb=UNKNOWN, text='Welcome to the SEAL Pointing Task', units='height', win=Window(...), wrapWidth=1)
18.6407 	EXP 	Created text_2 = TextStim(__class__=<class 'psychopy.visual.text.TextStim'>, alignHoriz=method-wrapper(...), alignText='center', alignVert=method-wrapper(...), anchorHoriz='center', anchorVert='center', antialias=True, autoDraw=False, autoLog=True, bold=False, color=array([1, 1, 1]), colorSpace='rgb', contrast=1.0, depth=0.0, flipHoriz=False, flipVert=False, font='Open Sans', fontFiles=[], height=0.05, italic=False, languageStyle='LTR', name='text_2', opacity=1.0, ori=0.0, pos=array([0.  , 0.15]), rgb=UNKNOWN, text=str(...), units='height', win=Window(...), wrapWidth=1)
18.6798 	EXP 	window1: mouseVisible = True
18.6850 	EXP 	Created image_2 = ImageStim(__class__=<class 'psychopy.visual.image.ImageStim'>, anchor=('center', 'center'), autoLog=True, color=array([1, 1, 1]), colorSpace='rgb', contrast=1.0, depth=0.0, flipHoriz=False, flipVert=False, image='sin', interpolate=True, mask=None, maskParams=None, name='image_2', opacity=1.0, ori=0.0, pos=array([0., 0.]), size=array([0.5, 0.5]), texRes=128.0, units='height', win=Window(...))
18.6909 	EXP 	Created text_4 = TextStim(__class__=<class 'psychopy.visual.text.TextStim'>, alignHoriz=method-wrapper(...), alignText='center', alignVert=method-wrapper(...), anchorHoriz='center', anchorVert='center', antialias=True, autoDraw=False, autoLog=True, bold=False, color=array([1, 1, 1]), colorSpace='rgb', contrast=1.0, depth=-1.0, flipHoriz=False, flipVert=False, font='Open Sans', fontFiles=[], height=0.05, italic=False, languageStyle='LTR', name='text_4', opacity=1.0, ori=0.0, pos=array([0. , 0.4]), rgb=UNKNOWN, text=str(...), units='height', win=Window(...), wrapWidth=1)
18.7204 	EXP 	window1: mouseVisible = True
18.7257 	EXP 	Created image_3 = ImageStim(__class__=<class 'psychopy.visual.image.ImageStim'>, anchor=('center', 'center'), autoLog=True, color=array([1, 1, 1]), colorSpace='rgb', contrast=1.0, depth=0.0, flipHoriz=False, flipVert=False, image='sin', interpolate=True, mask=None, maskParams=None, name='image_3', opacity=1.0, ori=0.0, pos=array([0., 0.]), size=array([0.5, 0.5]), texRes=128.0, units='height', win=Window(...))
18.7298 	EXP 	Created text_5 = TextStim(__class__=<class 'psychopy.visual.text.TextStim'>, alignHoriz=method-wrapper(...), alignText='center', alignVert=method-wrapper(...), anchorHoriz='center', anchorVert='center', antialias=True, autoDraw=False, autoLog=True, bold=False, color=array([1, 1, 1]), colorSpace='rgb', contrast=1.0, depth=-1.0, flipHoriz=False, flipVert=False, font='Open Sans', fontFiles=[], height=0.05, italic=False, languageStyle='LTR', name='text_5', opacity=1.0, ori=0.0, pos=array([0. , 0.4]), rgb=UNKNOWN, text=str(...), units='height', win=Window(...), wrapWidth=1)
18.7380 	EXP 	window1: mouseVisible = True
18.7424 	EXP 	Created text_3 = TextStim(__class__=<class 'psychopy.visual.text.TextStim'>, alignHoriz=method-wrapper(...), alignText='center', alignVert=method-wrapper(...), anchorHoriz='center', anchorVert='center', antialias=True, autoDraw=False, autoLog=True, bold=False, color=array([1, 1, 1]), colorSpace='rgb', contrast=1.0, depth=0.0, flipHoriz=False, flipVert=False, font='Open Sans', fontFiles=[], height=0.05, italic=False, languageStyle='LTR', name='text_3', opacity=1.0, ori=0.0, pos=array([0., 0.]), rgb=UNKNOWN, text=str(...), units='height', win=Window(...), wrapWidth=1)
18.7652 	EXP 	LowerBox: autoLog = True
18.7652 	EXP 	UpperBox: autoLog = True
18.7652 	EXP 	text: autoDraw = True
20.7952 	EXP 	text: autoDraw = False
20.7952 	EXP 	text_2: autoDraw = True
20.7952 	EXP 	LowerBox: autoDraw = True
20.7952 	EXP 	UpperBox: autoDraw = True
26.7976 	DATA 	Mouse: Left button down, pos=(698,106)
26.8127 	EXP 	Created sequence: random, trialTypes=1, nReps=1, seed=None
26.8129 	EXP 	New trial (rep=0, index=0): None
26.8290 	EXP 	Imported PointingStims.xlsx as conditions, 12 conditions, 2 params
26.8295 	EXP 	Created sequence: sequential, trialTypes=12, nReps=1, seed=None
26.8297 	EXP 	New trial (rep=0, index=0): {'imageU': 'PointingImages/Landmark12_statue.jpeg', 'imageL': 'PointingImages/Landmark3_waterfountain.jpeg'}
27.4194 	DATA 	Mouse:  Left button up, pos=(698,106)
27.4199 	DATA 	Mouse: Left button down, pos=(698,106)
27.4205 	DATA 	Mouse:  Left button up, pos=(698,106)
27.5513 	EXP 	text_2: autoDraw = False
27.5513 	EXP 	LowerBox: autoDraw = False
27.5513 	EXP 	UpperBox: autoDraw = False
27.5513 	EXP 	image_2: image = 'PointingImages/Landmark3_waterfountain.jpeg'
27.5513 	EXP 	image_2: autoDraw = True
27.5513 	EXP 	text_4: autoDraw = True
28.9290 	DATA 	Mouse: Left button down, pos=(779,127)
28.9301 	DATA 	Mouse:  Left button up, pos=(779,127)
29.0783 	DATA 	Mouse: Left button down, pos=(779,127)
29.0960 	DATA 	Mouse:  Left button up, pos=(779,127)
32.4512 	DATA 	Mouse: Left button down, pos=(779,127)
32.4548 	EXP 	New trial (rep=0, index=1): {'imageU': 'PointingImages/Landmark11_painting.jpeg', 'imageL': 'PointingImages/Landmark6_map.jpeg'}
32.9016 	DATA 	Mouse:  Left button up, pos=(779,127)
32.9023 	DATA 	Mouse: Left button down, pos=(779,127)
32.9028 	DATA 	Mouse:  Left button up, pos=(779,127)
32.9726 	EXP 	image_2: autoDraw = False
32.9726 	EXP 	text_4: autoDraw = False
32.9726 	EXP 	image_2: image = 'PointingImages/Landmark6_map.jpeg'
32.9726 	EXP 	image_2: autoDraw = True
32.9726 	EXP 	text_4: autoDraw = True
33.8576 	DATA 	Mouse: Left button down, pos=(779,127)
33.8761 	EXP 	New trial (rep=0, index=2): {'imageU': 'PointingImages/Landmark7_painting.jpeg', 'imageL': 'PointingImages/Landmark1_book.jpeg'}
34.2843 	DATA 	Mouse:  Left button up, pos=(778,127)
34.2852 	DATA 	Mouse: Left button down, pos=(778,127)
34.2857 	DATA 	Mouse:  Left button up, pos=(778,127)
34.3027 	EXP 	image_2: autoDraw = False
34.3027 	EXP 	text_4: autoDraw = False
34.3027 	EXP 	image_2: image = 'PointingImages/Landmark1_book.jpeg'
34.3027 	EXP 	image_2: autoDraw = True
34.3027 	EXP 	text_4: autoDraw = True
35.0754 	DATA 	Mouse: Left button down, pos=(778,127)
35.0935 	EXP 	New trial (rep=0, index=3): {'imageU': 'PointingImages/Landmark8_painting.jpeg', 'imageL': 'PointingImages/Landmark4_vase.jpeg'}
35.4620 	DATA 	Mouse:  Left button up, pos=(778,127)
35.4625 	DATA 	Mouse: Left button down, pos=(778,127)
35.4629 	DATA 	Mouse:  Left button up, pos=(778,127)
35.4916 	EXP 	image_2: autoDraw = False
35.4916 	EXP 	text_4: autoDraw = False
35.4916 	EXP 	image_2: image = 'PointingImages/Landmark4_vase.jpeg'
35.4916 	EXP 	image_2: autoDraw = True
35.4916 	EXP 	text_4: autoDraw = True
36.0123 	DATA 	Mouse: Left button down, pos=(778,127)
36.0139 	EXP 	New trial (rep=0, index=4): {'imageU': 'PointingImages/Landmark9_painting.jpeg', 'imageL': 'PointingImages/Landmark2_painting.jpeg'}
36.4088 	DATA 	Mouse:  Left button up, pos=(778,127)
36.4094 	DATA 	Mouse: Left button down, pos=(778,127)
36.4099 	DATA 	Mouse:  Left button up, pos=(778,127)
36.4271 	EXP 	image_2: autoDraw = False
36.4271 	EXP 	text_4: autoDraw = False
36.4271 	EXP 	image_2: image = 'PointingImages/Landmark2_painting.jpeg'
36.4271 	EXP 	image_2: autoDraw = True
36.4271 	EXP 	text_4: autoDraw = True
36.8928 	DATA 	Mouse: Left button down, pos=(778,127)
36.9106 	EXP 	New trial (rep=0, index=5): {'imageU': 'PointingImages/Landmark10_statue.jpeg', 'imageL': 'PointingImages/Landmark5_painting.jpeg'}
37.2875 	DATA 	Mouse:  Left button up, pos=(778,127)
37.2880 	DATA 	Mouse: Left button down, pos=(778,127)
37.2886 	DATA 	Mouse:  Left button up, pos=(778,127)
37.3060 	EXP 	image_2: autoDraw = False
37.3060 	EXP 	text_4: autoDraw = False
37.3060 	EXP 	image_2: image = 'PointingImages/Landmark5_painting.jpeg'
37.3060 	EXP 	image_2: autoDraw = True
37.3060 	EXP 	text_4: autoDraw = True
37.6896 	DATA 	Mouse: Left button down, pos=(778,127)
37.7094 	EXP 	New trial (rep=0, index=6): {'imageU': 'PointingImages/Landmark3_waterfountain.jpeg', 'imageL': 'PointingImages/Landmark12_statue.jpeg'}
38.1139 	DATA 	Mouse:  Left button up, pos=(778,127)
38.1145 	DATA 	Mouse: Left button down, pos=(778,127)
38.1150 	DATA 	Mouse:  Left button up, pos=(778,127)
38.1337 	EXP 	image_2: autoDraw = False
38.1337 	EXP 	text_4: autoDraw = False
38.1337 	EXP 	image_2: image = 'PointingImages/Landmark12_statue.jpeg'
38.1337 	EXP 	image_2: autoDraw = True
38.1337 	EXP 	text_4: autoDraw = True
38.5527 	DATA 	Mouse: Left button down, pos=(778,127)
38.5557 	EXP 	New trial (rep=0, index=7): {'imageU': 'PointingImages/Landmark6_map.jpeg', 'imageL': 'PointingImages/Landmark11_painting.jpeg'}
38.9845 	DATA 	Mouse:  Left button up, pos=(778,127)
38.9851 	DATA 	Mouse: Left button down, pos=(778,127)
38.9856 	DATA 	Mouse:  Left button up, pos=(778,127)
39.0032 	EXP 	image_2: autoDraw = False
39.0032 	EXP 	text_4: autoDraw = False
39.0032 	EXP 	image_2: image = 'PointingImages/Landmark11_painting.jpeg'
39.0032 	EXP 	image_2: autoDraw = True
39.0032 	EXP 	text_4: autoDraw = True
39.4243 	DATA 	Mouse: Left button down, pos=(778,127)
39.4431 	EXP 	New trial (rep=0, index=8): {'imageU': 'PointingImages/Landmark1_book.jpeg', 'imageL': 'PointingImages/Landmark7_painting.jpeg'}
39.8362 	DATA 	Mouse:  Left button up, pos=(778,127)
39.8370 	DATA 	Mouse: Left button down, pos=(778,127)
39.8377 	DATA 	Mouse:  Left button up, pos=(778,127)
39.8571 	EXP 	image_2: autoDraw = False
39.8571 	EXP 	text_4: autoDraw = False
39.8571 	EXP 	image_2: image = 'PointingImages/Landmark7_painting.jpeg'
39.8571 	EXP 	image_2: autoDraw = True
39.8571 	EXP 	text_4: autoDraw = True
40.3625 	DATA 	Mouse: Left button down, pos=(778,127)
40.3814 	EXP 	New trial (rep=0, index=9): {'imageU': 'PointingImages/Landmark4_vase.jpeg', 'imageL': 'PointingImages/Landmark8_painting.jpeg'}
40.7385 	DATA 	Mouse:  Left button up, pos=(778,127)
40.7392 	DATA 	Mouse: Left button down, pos=(778,127)
40.7396 	DATA 	Mouse:  Left button up, pos=(778,127)
40.7575 	EXP 	image_2: autoDraw = False
40.7575 	EXP 	text_4: autoDraw = False
40.7575 	EXP 	image_2: image = 'PointingImages/Landmark8_painting.jpeg'
40.7575 	EXP 	image_2: autoDraw = True
40.7575 	EXP 	text_4: autoDraw = True
41.2374 	DATA 	Mouse: Left button down, pos=(778,127)
41.2405 	EXP 	New trial (rep=0, index=10): {'imageU': 'PointingImages/Landmark2_painting.jpeg', 'imageL': 'PointingImages/Landmark9_painting.jpeg'}
41.6326 	DATA 	Mouse:  Left button up, pos=(778,127)
41.6331 	DATA 	Mouse: Left button down, pos=(778,127)
41.6337 	DATA 	Mouse:  Left button up, pos=(778,127)
41.6505 	EXP 	image_2: autoDraw = False
41.6505 	EXP 	text_4: autoDraw = False
41.6505 	EXP 	image_2: image = 'PointingImages/Landmark9_painting.jpeg'
41.6505 	EXP 	image_2: autoDraw = True
41.6505 	EXP 	text_4: autoDraw = True
42.0467 	DATA 	Mouse: Left button down, pos=(778,127)
42.0484 	EXP 	New trial (rep=0, index=11): {'imageU': 'PointingImages/Landmark5_painting.jpeg', 'imageL': 'PointingImages/Landmark10_statue.jpeg'}
42.3679 	DATA 	Mouse:  Left button up, pos=(778,127)
42.3685 	DATA 	Mouse: Left button down, pos=(778,127)
42.3691 	DATA 	Mouse:  Left button up, pos=(778,127)
42.3903 	EXP 	image_2: autoDraw = False
42.3903 	EXP 	text_4: autoDraw = False
42.3903 	EXP 	image_2: image = 'PointingImages/Landmark10_statue.jpeg'
42.3903 	EXP 	image_2: autoDraw = True
42.3903 	EXP 	text_4: autoDraw = True
42.9778 	DATA 	Mouse: Left button down, pos=(778,127)
42.9971 	EXP 	Created sequence: sequential, trialTypes=1, nReps=0, seed=None
43.0102 	EXP 	image_2: autoDraw = False
43.0102 	EXP 	text_4: autoDraw = False
43.0102 	EXP 	text_3: autoDraw = True
43.0800 	DATA 	Mouse:  Left button up, pos=(778,127)
43.1633 	DATA 	Mouse: Left button down, pos=(778,127)
43.2619 	DATA 	Mouse:  Left button up, pos=(778,127)
45.0200 	EXP 	text_3: autoDraw = False
45.5858 	EXP 	window1: mouseVisible = True
