1.4164 	WARNING 	We strongly recommend you activate the PTB sound engine in PsychoPy prefs as the preferred audio engine. Its timing is vastly superior. Your prefs are currently set to use ['sounddevice', 'PTB', 'pyo', 'pygame'] (in that order).
4.5147 	WARNING 	User requested fullscreen with size [1024  768], but screen is actually [2880, 1920]. Using actual size
6.0500 	EXP 	Created window1 = Window(allowGUI=True, allowStencil=False, autoLog=True, backendConf=UNKNOWN, bitsMode=UNKNOWN, blendMode='avg', bpc=(8, 8, 8), color=array([0, 0, 0]), colorSpace='rgb', depthBits=8, fullscr=<method-wrapper '__getattribute__' of attributeSetter object at 0x00000213A0085040>, gamma=None, gammaErrorPolicy='raise', lms=UNKNOWN, monitor=<psychopy.monitors.calibTools.Monitor object at 0x00000213A05F44F0>, multiSample=False, name='window1', numSamples=2, pos=(0, 0), screen=0, size=array([2880, 1920]), stencilBits=0, stereo=False, units='height', useFBO=True, useRetina=False, viewOri=0.0, viewPos=None, viewScale=None, waitBlanking=True, winType='pyglet')
6.0502 	EXP 	window1: mouseVisible = True
6.0504 	EXP 	window1: mouseVisible = False
6.0505 	EXP 	window1: Attempting to measure frame rate of screen (0) ...
6.0505 	EXP 	window1: recordFrameIntervals = False
6.2163 	EXP 	window1: recordFrameIntervals = True
6.3998 	EXP 	Screen (0) actual frame rate measured at 60.03Hz
6.3999 	EXP 	window1: recordFrameIntervals = False
8.1663 	EXP 	Created text = TextStim(__class__=<class 'psychopy.visual.text.TextStim'>, alignHoriz=method-wrapper(...), alignText='center', alignVert=method-wrapper(...), anchorHoriz='center', anchorVert='center', antialias=True, autoDraw=False, autoLog=True, bold=False, color=array([1, 1, 1]), colorSpace='rgb', contrast=1.0, depth=0.0, flipHoriz=False, flipVert=False, font='Open Sans', fontFiles=[], height=0.05, italic=False, languageStyle='LTR', name='text', opacity=1.0, ori=0.0, pos=array([0., 0.]), rgb=UNKNOWN, text='Welcome to the SEAL Pointing Task', units='height', win=Window(...), wrapWidth=1)
8.1853 	EXP 	Created text_2 = TextStim(__class__=<class 'psychopy.visual.text.TextStim'>, alignHoriz=method-wrapper(...), alignText='center', alignVert=method-wrapper(...), anchorHoriz='center', anchorVert='center', antialias=True, autoDraw=False, autoLog=True, bold=False, color=array([1, 1, 1]), colorSpace='rgb', contrast=1.0, depth=0.0, flipHoriz=False, flipVert=False, font='Open Sans', fontFiles=[], height=0.05, italic=False, languageStyle='LTR', name='text_2', opacity=1.0, ori=0.0, pos=array([0., 0.]), rgb=UNKNOWN, text=str(...), units='height', win=Window(...), wrapWidth=1)
8.1956 	EXP 	Created image_2 = ImageStim(__class__=<class 'psychopy.visual.image.ImageStim'>, anchor=('center', 'center'), autoLog=True, color=array([1, 1, 1]), colorSpace='rgb', contrast=1.0, depth=0.0, flipHoriz=False, flipVert=False, image='sin', interpolate=True, mask=None, maskParams=None, name='image_2', opacity=1.0, ori=0.0, pos=array([0., 0.]), size=array([0.5, 0.5]), texRes=128.0, units='height', win=Window(...))
8.2001 	EXP 	Created text_4 = TextStim(__class__=<class 'psychopy.visual.text.TextStim'>, alignHoriz=method-wrapper(...), alignText='center', alignVert=method-wrapper(...), anchorHoriz='center', anchorVert='center', antialias=True, autoDraw=False, autoLog=True, bold=False, color=array([1, 1, 1]), colorSpace='rgb', contrast=1.0, depth=-1.0, flipHoriz=False, flipVert=False, font='Open Sans', fontFiles=[], height=0.05, italic=False, languageStyle='LTR', name='text_4', opacity=1.0, ori=0.0, pos=array([0. , 0.4]), rgb=UNKNOWN, text=str(...), units='height', win=Window(...), wrapWidth=1)
8.2549 	EXP 	window1: mouseVisible = True
8.2595 	EXP 	Created text_3 = TextStim(__class__=<class 'psychopy.visual.text.TextStim'>, alignHoriz=method-wrapper(...), alignText='center', alignVert=method-wrapper(...), anchorHoriz='center', anchorVert='center', antialias=True, autoDraw=False, autoLog=True, bold=False, color=array([1, 1, 1]), colorSpace='rgb', contrast=1.0, depth=0.0, flipHoriz=False, flipVert=False, font='Open Sans', fontFiles=[], height=0.05, italic=False, languageStyle='LTR', name='text_3', opacity=1.0, ori=0.0, pos=array([0., 0.]), rgb=UNKNOWN, text=str(...), units='height', win=Window(...), wrapWidth=1)
8.2703 	EXP 	text: autoDraw = True
10.2829 	EXP 	text: autoDraw = False
10.2829 	EXP 	text_2: autoDraw = True
10.7126 	EXP 	Imported PointingStims.xlsx as conditions, 12 conditions, 1 params
10.7130 	EXP 	Created sequence: sequential, trialTypes=12, nReps=1, seed=None
10.7132 	EXP 	New trial (rep=0, index=0): {'image': 'PointingImages/Landmark12_statue.jpeg'}
11.0787 	DATA 	Keypress: space
11.1567 	EXP 	text_2: autoDraw = False
11.1567 	EXP 	image_2: image = 'PointingImages/Landmark12_statue.jpeg'
11.1567 	EXP 	image_2: autoDraw = True
11.1567 	EXP 	text_4: autoDraw = True
12.8281 	DATA 	Mouse: Left button down, pos=(1542,170)
12.8291 	DATA 	Mouse:  Left button up, pos=(1542,170)
12.9236 	DATA 	Mouse: Left button down, pos=(1542,170)
12.9261 	EXP 	New trial (rep=0, index=1): {'image': 'PointingImages/Landmark11_painting.jpeg'}
13.4720 	DATA 	Mouse:  Left button up, pos=(1545,175)
13.5922 	EXP 	image_2: autoDraw = False
13.5922 	EXP 	text_4: autoDraw = False
13.5922 	EXP 	image_2: image = 'PointingImages/Landmark11_painting.jpeg'
13.5922 	EXP 	image_2: autoDraw = True
13.5922 	EXP 	text_4: autoDraw = True
14.2101 	DATA 	Mouse: Left button down, pos=(1563,156)
14.2109 	DATA 	Mouse:  Left button up, pos=(1563,156)
14.3045 	DATA 	Mouse: Left button down, pos=(1563,156)
14.3062 	EXP 	New trial (rep=0, index=2): {'image': 'PointingImages/Landmark7_painting.jpeg'}
14.7184 	DATA 	Mouse:  Left button up, pos=(1566,168)
14.7393 	EXP 	image_2: autoDraw = False
14.7393 	EXP 	text_4: autoDraw = False
14.7393 	EXP 	image_2: image = 'PointingImages/Landmark7_painting.jpeg'
14.7393 	EXP 	image_2: autoDraw = True
14.7393 	EXP 	text_4: autoDraw = True
15.4090 	DATA 	Mouse: Left button down, pos=(1602,186)
15.4099 	DATA 	Mouse:  Left button up, pos=(1602,186)
15.4782 	DATA 	Mouse: Left button down, pos=(1602,186)
15.4883 	EXP 	New trial (rep=0, index=3): {'image': 'PointingImages/Landmark8_painting.jpeg'}
15.8167 	DATA 	Mouse:  Left button up, pos=(1600,176)
15.9411 	EXP 	image_2: autoDraw = False
15.9411 	EXP 	text_4: autoDraw = False
15.9411 	EXP 	image_2: image = 'PointingImages/Landmark8_painting.jpeg'
15.9411 	EXP 	image_2: autoDraw = True
15.9411 	EXP 	text_4: autoDraw = True
16.3662 	DATA 	Mouse: Left button down, pos=(1593,148)
16.3670 	DATA 	Mouse:  Left button up, pos=(1593,148)
16.5414 	DATA 	Mouse: Left button down, pos=(1593,148)
16.5416 	DATA 	Mouse:  Left button up, pos=(1585,134)
17.7096 	DATA 	Mouse: Left button down, pos=(1605,150)
17.7101 	DATA 	Mouse:  Left button up, pos=(1605,150)
17.8402 	DATA 	Mouse: Left button down, pos=(1605,150)
17.8425 	EXP 	New trial (rep=0, index=4): {'image': 'PointingImages/Landmark9_painting.jpeg'}
18.2379 	DATA 	Mouse:  Left button up, pos=(1599,145)
18.3578 	EXP 	image_2: autoDraw = False
18.3578 	EXP 	text_4: autoDraw = False
18.3578 	EXP 	image_2: image = 'PointingImages/Landmark9_painting.jpeg'
18.3578 	EXP 	image_2: autoDraw = True
18.3578 	EXP 	text_4: autoDraw = True
19.0433 	DATA 	Mouse: Left button down, pos=(1571,211)
19.0441 	DATA 	Mouse:  Left button up, pos=(1571,211)
19.1274 	DATA 	Mouse: Left button down, pos=(1571,211)
19.1382 	EXP 	New trial (rep=0, index=5): {'image': 'PointingImages/Landmark10_statue.jpeg'}
19.5135 	DATA 	Mouse:  Left button up, pos=(1574,212)
19.5304 	EXP 	image_2: autoDraw = False
19.5304 	EXP 	text_4: autoDraw = False
19.5304 	EXP 	image_2: image = 'PointingImages/Landmark10_statue.jpeg'
19.5304 	EXP 	image_2: autoDraw = True
19.5304 	EXP 	text_4: autoDraw = True
20.1103 	DATA 	Mouse: Left button down, pos=(1598,204)
20.1105 	DATA 	Mouse:  Left button up, pos=(1598,204)
20.2066 	DATA 	Mouse: Left button down, pos=(1598,204)
20.2087 	EXP 	New trial (rep=0, index=6): {'image': 'PointingImages/Landmark3_WaterFountain.jpeg'}
20.5634 	DATA 	Mouse:  Left button up, pos=(1600,207)
20.5819 	EXP 	image_2: autoDraw = False
20.5819 	EXP 	text_4: autoDraw = False
20.5819 	EXP 	image_2: image = 'PointingImages/Landmark3_WaterFountain.jpeg'
20.5819 	EXP 	image_2: autoDraw = True
20.5819 	EXP 	text_4: autoDraw = True
21.2630 	DATA 	Mouse: Left button down, pos=(1574,204)
21.2631 	DATA 	Mouse:  Left button up, pos=(1574,204)
21.3550 	DATA 	Mouse: Left button down, pos=(1574,204)
21.3570 	EXP 	New trial (rep=0, index=7): {'image': 'PointingImages/Landmark6_map.jpeg'}
21.9649 	DATA 	Mouse:  Left button up, pos=(1566,206)
22.0896 	EXP 	image_2: autoDraw = False
22.0896 	EXP 	text_4: autoDraw = False
22.0896 	EXP 	image_2: image = 'PointingImages/Landmark6_map.jpeg'
22.0896 	EXP 	image_2: autoDraw = True
22.0896 	EXP 	text_4: autoDraw = True
22.5263 	DATA 	Mouse: Left button down, pos=(1513,193)
22.5265 	DATA 	Mouse:  Left button up, pos=(1513,193)
22.6391 	DATA 	Mouse: Left button down, pos=(1513,193)
22.6414 	EXP 	New trial (rep=0, index=8): {'image': 'PointingImages/Landmark1_book.jpeg'}
22.9654 	DATA 	Mouse:  Left button up, pos=(1513,209)
22.9856 	EXP 	image_2: autoDraw = False
22.9856 	EXP 	text_4: autoDraw = False
22.9856 	EXP 	image_2: image = 'PointingImages/Landmark1_book.jpeg'
22.9856 	EXP 	image_2: autoDraw = True
22.9856 	EXP 	text_4: autoDraw = True
23.4914 	DATA 	Mouse: Left button down, pos=(1512,229)
23.4922 	DATA 	Mouse:  Left button up, pos=(1512,229)
23.6069 	DATA 	Mouse: Left button down, pos=(1512,229)
23.6094 	EXP 	New trial (rep=0, index=9): {'image': 'PointingImages/Landmark4_vase.jpeg'}
24.0714 	DATA 	Mouse:  Left button up, pos=(1515,253)
24.2019 	EXP 	image_2: autoDraw = False
24.2019 	EXP 	text_4: autoDraw = False
24.2019 	EXP 	image_2: image = 'PointingImages/Landmark4_vase.jpeg'
24.2019 	EXP 	image_2: autoDraw = True
24.2019 	EXP 	text_4: autoDraw = True
24.6425 	DATA 	Mouse: Left button down, pos=(1500,197)
24.6435 	DATA 	Mouse:  Left button up, pos=(1500,197)
24.7483 	DATA 	Mouse: Left button down, pos=(1500,197)
24.7514 	EXP 	New trial (rep=0, index=10): {'image': 'PointingImages/Landmark2_painting.jpeg'}
25.0513 	DATA 	Mouse:  Left button up, pos=(1521,207)
25.0723 	EXP 	image_2: autoDraw = False
25.0723 	EXP 	text_4: autoDraw = False
25.0723 	EXP 	image_2: image = 'PointingImages/Landmark2_painting.jpeg'
25.0723 	EXP 	image_2: autoDraw = True
25.0723 	EXP 	text_4: autoDraw = True
25.5949 	DATA 	Mouse: Left button down, pos=(1520,206)
25.5951 	DATA 	Mouse:  Left button up, pos=(1520,206)
25.6555 	DATA 	Mouse: Left button down, pos=(1520,206)
25.6580 	EXP 	New trial (rep=0, index=11): {'image': 'PointingImages/Landmark5_painting.jpeg'}
25.9609 	DATA 	Mouse:  Left button up, pos=(1517,211)
25.9786 	EXP 	image_2: autoDraw = False
25.9786 	EXP 	text_4: autoDraw = False
25.9786 	EXP 	image_2: image = 'PointingImages/Landmark5_painting.jpeg'
25.9786 	EXP 	image_2: autoDraw = True
25.9786 	EXP 	text_4: autoDraw = True
26.4261 	DATA 	Mouse: Left button down, pos=(1515,202)
26.4271 	DATA 	Mouse:  Left button up, pos=(1515,202)
26.5399 	DATA 	Mouse: Left button down, pos=(1515,202)
26.5494 	EXP 	image_2: autoDraw = False
26.5494 	EXP 	text_4: autoDraw = False
26.5494 	EXP 	text_3: autoDraw = True
26.5872 	DATA 	Mouse:  Left button up, pos=(1508,205)
28.5494 	EXP 	text_3: autoDraw = False
28.5494 	EXP 	text_3: autoDraw = False
28.7812 	EXP 	window1: mouseVisible = True
