2.1196 	WARNING 	We strongly recommend you activate the PTB sound engine in PsychoPy prefs as the preferred audio engine. Its timing is vastly superior. Your prefs are currently set to use ['sounddevice', 'PTB', 'pyo', 'pygame'] (in that order).
6.7155 	WARNING 	User requested fullscreen with size [1024  768], but screen is actually [2880, 1920]. Using actual size
8.9475 	EXP 	Created window1 = Window(allowGUI=True, allowStencil=False, autoLog=True, backendConf=UNKNOWN, bitsMode=UNKNOWN, blendMode='avg', bpc=(8, 8, 8), color=array([0, 0, 0]), colorSpace='rgb', depthBits=8, fullscr=<method-wrapper '__getattribute__' of attributeSetter object at 0x0000023753D67130>, gamma=None, gammaErrorPolicy='raise', lms=UNKNOWN, monitor=<psychopy.monitors.calibTools.Monitor object at 0x00000237578C7610>, multiSample=False, name='window1', numSamples=2, pos=(0, 0), screen=0, size=array([2880, 1920]), stencilBits=0, stereo=False, units='height', useFBO=True, useRetina=False, viewOri=0.0, viewPos=None, viewScale=None, waitBlanking=True, winType='pyglet')
8.9478 	EXP 	window1: mouseVisible = True
8.9481 	EXP 	window1: mouseVisible = False
8.9482 	EXP 	window1: Attempting to measure frame rate of screen (0) ...
8.9482 	EXP 	window1: recordFrameIntervals = False
9.1135 	EXP 	window1: recordFrameIntervals = True
9.2965 	EXP 	Screen (0) actual frame rate measured at 60.24Hz
9.2965 	EXP 	window1: recordFrameIntervals = False
11.3913 	EXP 	Created text = TextStim(__class__=<class 'psychopy.visual.text.TextStim'>, alignHoriz=method-wrapper(...), alignText='center', alignVert=method-wrapper(...), anchorHoriz='center', anchorVert='center', antialias=True, autoDraw=False, autoLog=True, bold=False, color=array([1, 1, 1]), colorSpace='rgb', contrast=1.0, depth=0.0, flipHoriz=False, flipVert=False, font='Open Sans', fontFiles=[], height=0.05, italic=False, languageStyle='LTR', name='text', opacity=1.0, ori=0.0, pos=array([0., 0.]), rgb=UNKNOWN, text='Welcome to the SEAL Pointing Task', units='height', win=Window(...), wrapWidth=1)
11.4120 	EXP 	Created text_2 = TextStim(__class__=<class 'psychopy.visual.text.TextStim'>, alignHoriz=method-wrapper(...), alignText='center', alignVert=method-wrapper(...), anchorHoriz='center', anchorVert='center', antialias=True, autoDraw=False, autoLog=True, bold=False, color=array([1, 1, 1]), colorSpace='rgb', contrast=1.0, depth=0.0, flipHoriz=False, flipVert=False, font='Open Sans', fontFiles=[], height=0.05, italic=False, languageStyle='LTR', name='text_2', opacity=1.0, ori=0.0, pos=array([0.  , 0.15]), rgb=UNKNOWN, text=str(...), units='height', win=Window(...), wrapWidth=1)
11.5390 	EXP 	window1: mouseVisible = True
11.5592 	EXP 	Created image_2 = ImageStim(__class__=<class 'psychopy.visual.image.ImageStim'>, anchor=('center', 'center'), autoLog=True, color=array([1, 1, 1]), colorSpace='rgb', contrast=1.0, depth=0.0, flipHoriz=False, flipVert=False, image='sin', interpolate=True, mask=None, maskParams=None, name='image_2', opacity=1.0, ori=0.0, pos=array([0., 0.]), size=array([0.5, 0.5]), texRes=128.0, units='height', win=Window(...))
11.5655 	EXP 	Created text_4 = TextStim(__class__=<class 'psychopy.visual.text.TextStim'>, alignHoriz=method-wrapper(...), alignText='center', alignVert=method-wrapper(...), anchorHoriz='center', anchorVert='center', antialias=True, autoDraw=False, autoLog=True, bold=False, color=array([1, 1, 1]), colorSpace='rgb', contrast=1.0, depth=-1.0, flipHoriz=False, flipVert=False, font='Open Sans', fontFiles=[], height=0.05, italic=False, languageStyle='LTR', name='text_4', opacity=1.0, ori=0.0, pos=array([0. , 0.4]), rgb=UNKNOWN, text=str(...), units='height', win=Window(...), wrapWidth=1)
11.6162 	EXP 	window1: mouseVisible = True
11.6382 	EXP 	Created text_3 = TextStim(__class__=<class 'psychopy.visual.text.TextStim'>, alignHoriz=method-wrapper(...), alignText='center', alignVert=method-wrapper(...), anchorHoriz='center', anchorVert='center', antialias=True, autoDraw=False, autoLog=True, bold=False, color=array([1, 1, 1]), colorSpace='rgb', contrast=1.0, depth=0.0, flipHoriz=False, flipVert=False, font='Open Sans', fontFiles=[], height=0.05, italic=False, languageStyle='LTR', name='text_3', opacity=1.0, ori=0.0, pos=array([0., 0.]), rgb=UNKNOWN, text=str(...), units='height', win=Window(...), wrapWidth=1)
11.6500 	EXP 	text: autoDraw = True
13.6656 	EXP 	text: autoDraw = False
13.6656 	EXP 	text_2: autoDraw = True
15.8894 	DATA 	Mouse: Left button down, pos=(1224,629)
15.8902 	DATA 	Mouse:  Left button up, pos=(1224,629)
15.9855 	DATA 	Mouse: Left button down, pos=(1224,629)
16.0013 	EXP 	Imported PointingStims.xlsx as conditions, 12 conditions, 1 params
16.0042 	EXP 	Created sequence: sequential, trialTypes=12, nReps=1, seed=None
16.0046 	EXP 	New trial (rep=0, index=0): {'image': 'PointingImages/Landmark12_statue.jpeg'}
16.2479 	DATA 	Mouse:  Left button up, pos=(1206,637)
16.3369 	EXP 	text_2: autoDraw = False
16.3369 	EXP 	image_2: image = 'PointingImages/Landmark12_statue.jpeg'
16.3369 	EXP 	image_2: autoDraw = True
16.3369 	EXP 	text_4: autoDraw = True
17.2915 	DATA 	Mouse: Left button down, pos=(1281,326)
17.2926 	DATA 	Mouse:  Left button up, pos=(1281,326)
17.4037 	DATA 	Mouse: Left button down, pos=(1281,326)
17.4194 	EXP 	New trial (rep=0, index=1): {'image': 'PointingImages/Landmark11_painting.jpeg'}
17.6059 	DATA 	Mouse:  Left button up, pos=(1251,370)
17.6179 	EXP 	image_2: autoDraw = False
17.6179 	EXP 	text_4: autoDraw = False
17.6179 	EXP 	image_2: image = 'PointingImages/Landmark11_painting.jpeg'
17.6179 	EXP 	image_2: autoDraw = True
17.6179 	EXP 	text_4: autoDraw = True
18.1449 	DATA 	Mouse: Left button down, pos=(1220,299)
18.1466 	DATA 	Mouse:  Left button up, pos=(1220,299)
18.2537 	DATA 	Mouse: Left button down, pos=(1220,299)
18.2564 	EXP 	New trial (rep=0, index=2): {'image': 'PointingImages/Landmark7_painting.jpeg'}
18.4430 	DATA 	Mouse:  Left button up, pos=(1235,299)
18.4551 	EXP 	image_2: autoDraw = False
18.4551 	EXP 	text_4: autoDraw = False
18.4551 	EXP 	image_2: image = 'PointingImages/Landmark7_painting.jpeg'
18.4551 	EXP 	image_2: autoDraw = True
18.4551 	EXP 	text_4: autoDraw = True
18.9009 	DATA 	Mouse: Left button down, pos=(1259,237)
18.9011 	DATA 	Mouse:  Left button up, pos=(1259,237)
18.9847 	DATA 	Mouse: Left button down, pos=(1259,237)
18.9872 	EXP 	New trial (rep=0, index=3): {'image': 'PointingImages/Landmark8_painting.jpeg'}
19.0028 	DEPRECATION 	Found file 'PointingImages/Landmark8_painting.jpeg', failed to load as an image
19.3591 	EXP 	window1: mouseVisible = True
