1.4988 	WARNING 	We strongly recommend you activate the PTB sound engine in PsychoPy prefs as the preferred audio engine. Its timing is vastly superior. Your prefs are currently set to use ['sounddevice', 'PTB', 'pyo', 'pygame'] (in that order).
3.8440 	WARNING 	User requested fullscreen with size [1024  768], but screen is actually [2880, 1920]. Using actual size
5.3956 	EXP 	Created window1 = Window(allowGUI=True, allowStencil=False, autoLog=True, backendConf=UNKNOWN, bitsMode=UNKNOWN, blendMode='avg', bpc=(8, 8, 8), color=array([0, 0, 0]), colorSpace='rgb', depthBits=8, fullscr=<method-wrapper '__getattribute__' of attributeSetter object at 0x0000021FD2227190>, gamma=None, gammaErrorPolicy='raise', lms=UNKNOWN, monitor=<psychopy.monitors.calibTools.Monitor object at 0x0000021FD7987700>, multiSample=False, name='window1', numSamples=2, pos=(0, 0), screen=0, size=array([2880, 1920]), stencilBits=0, stereo=False, units='height', useFBO=True, useRetina=False, viewOri=0.0, viewPos=None, viewScale=None, waitBlanking=True, winType='pyglet')
5.3959 	EXP 	window1: mouseVisible = True
5.3961 	EXP 	window1: mouseVisible = False
5.3962 	EXP 	window1: Attempting to measure frame rate of screen (0) ...
5.3962 	EXP 	window1: recordFrameIntervals = False
5.5621 	EXP 	window1: recordFrameIntervals = True
5.7453 	EXP 	Screen (0) actual frame rate measured at 60.17Hz
5.7454 	EXP 	window1: recordFrameIntervals = False
7.5195 	EXP 	Created text = TextStim(__class__=<class 'psychopy.visual.text.TextStim'>, alignHoriz=method-wrapper(...), alignText='center', alignVert=method-wrapper(...), anchorHoriz='center', anchorVert='center', antialias=True, autoDraw=False, autoLog=True, bold=False, color=array([1, 1, 1]), colorSpace='rgb', contrast=1.0, depth=0.0, flipHoriz=False, flipVert=False, font='Open Sans', fontFiles=[], height=0.05, italic=False, languageStyle='LTR', name='text', opacity=1.0, ori=0.0, pos=array([0., 0.]), rgb=UNKNOWN, text='Welcome to the SEAL Pointing Task', units='height', win=Window(...), wrapWidth=1)
7.5362 	EXP 	Created text_2 = TextStim(__class__=<class 'psychopy.visual.text.TextStim'>, alignHoriz=method-wrapper(...), alignText='center', alignVert=method-wrapper(...), anchorHoriz='center', anchorVert='center', antialias=True, autoDraw=False, autoLog=True, bold=False, color=array([1, 1, 1]), colorSpace='rgb', contrast=1.0, depth=0.0, flipHoriz=False, flipVert=False, font='Open Sans', fontFiles=[], height=0.05, italic=False, languageStyle='LTR', name='text_2', opacity=1.0, ori=0.0, pos=array([0.  , 0.15]), rgb=UNKNOWN, text=str(...), units='height', win=Window(...), wrapWidth=1)
7.5887 	EXP 	window1: mouseVisible = True
7.5996 	EXP 	Created image_2 = ImageStim(__class__=<class 'psychopy.visual.image.ImageStim'>, anchor=('center', 'center'), autoLog=True, color=array([1, 1, 1]), colorSpace='rgb', contrast=1.0, depth=0.0, flipHoriz=False, flipVert=False, image='sin', interpolate=True, mask=None, maskParams=None, name='image_2', opacity=1.0, ori=0.0, pos=array([0., 0.]), size=array([0.5, 0.5]), texRes=128.0, units='height', win=Window(...))
7.6046 	EXP 	Created text_4 = TextStim(__class__=<class 'psychopy.visual.text.TextStim'>, alignHoriz=method-wrapper(...), alignText='center', alignVert=method-wrapper(...), anchorHoriz='center', anchorVert='center', antialias=True, autoDraw=False, autoLog=True, bold=False, color=array([1, 1, 1]), colorSpace='rgb', contrast=1.0, depth=-1.0, flipHoriz=False, flipVert=False, font='Open Sans', fontFiles=[], height=0.05, italic=False, languageStyle='LTR', name='text_4', opacity=1.0, ori=0.0, pos=array([0. , 0.4]), rgb=UNKNOWN, text=str(...), units='height', win=Window(...), wrapWidth=1)
7.6680 	EXP 	window1: mouseVisible = True
7.6734 	EXP 	Created text_3 = TextStim(__class__=<class 'psychopy.visual.text.TextStim'>, alignHoriz=method-wrapper(...), alignText='center', alignVert=method-wrapper(...), anchorHoriz='center', anchorVert='center', antialias=True, autoDraw=False, autoLog=True, bold=False, color=array([1, 1, 1]), colorSpace='rgb', contrast=1.0, depth=0.0, flipHoriz=False, flipVert=False, font='Open Sans', fontFiles=[], height=0.05, italic=False, languageStyle='LTR', name='text_3', opacity=1.0, ori=0.0, pos=array([0., 0.]), rgb=UNKNOWN, text=str(...), units='height', win=Window(...), wrapWidth=1)
7.6851 	EXP 	text: autoDraw = True
9.6945 	EXP 	text: autoDraw = False
9.6945 	EXP 	text_2: autoDraw = True
11.5957 	DATA 	Mouse: Left button down, pos=(1495,611)
11.5967 	DATA 	Mouse:  Left button up, pos=(1495,611)
11.6689 	DATA 	Mouse: Left button down, pos=(1495,611)
11.6935 	EXP 	Imported PointingStims.xlsx as conditions, 12 conditions, 1 params
11.6943 	EXP 	Created sequence: sequential, trialTypes=12, nReps=1, seed=None
11.6947 	EXP 	New trial (rep=0, index=0): {'image': 'PointingImages/Landmark12_statue.jpeg'}
12.0444 	DATA 	Mouse:  Left button up, pos=(1512,642)
12.1238 	EXP 	text_2: autoDraw = False
12.1238 	EXP 	image_2: image = 'PointingImages/Landmark12_statue.jpeg'
12.1238 	EXP 	image_2: autoDraw = True
12.1238 	EXP 	text_4: autoDraw = True
13.6921 	DATA 	Mouse: Left button down, pos=(1623,282)
13.6923 	DATA 	Mouse:  Left button up, pos=(1623,282)
15.0803 	DATA 	Mouse: Left button down, pos=(1615,293)
15.0812 	DATA 	Mouse:  Left button up, pos=(1615,293)
15.1187 	DATA 	Mouse: Left button down, pos=(1615,293)
15.1214 	EXP 	New trial (rep=0, index=1): {'image': 'PointingImages/Landmark11_painting.jpeg'}
15.6037 	DATA 	Mouse:  Left button up, pos=(1615,307)
15.6095 	DATA 	Mouse: Left button down, pos=(1644,228)
15.6096 	DATA 	Mouse:  Left button up, pos=(1644,228)
15.7300 	EXP 	image_2: autoDraw = False
15.7300 	EXP 	text_4: autoDraw = False
15.7300 	EXP 	image_2: image = 'PointingImages/Landmark11_painting.jpeg'
15.7300 	EXP 	image_2: autoDraw = True
15.7300 	EXP 	text_4: autoDraw = True
19.3424 	DATA 	Mouse: Left button down, pos=(1680,243)
19.3432 	DATA 	Mouse:  Left button up, pos=(1680,243)
19.4684 	DATA 	Mouse: Left button down, pos=(1680,243)
19.4706 	EXP 	New trial (rep=0, index=2): {'image': 'PointingImages/Landmark7_painting.jpeg'}
19.8521 	DATA 	Mouse:  Left button up, pos=(1670,232)
19.8722 	EXP 	image_2: autoDraw = False
19.8722 	EXP 	text_4: autoDraw = False
19.8722 	EXP 	image_2: image = 'PointingImages/Landmark7_painting.jpeg'
19.8722 	EXP 	image_2: autoDraw = True
19.8722 	EXP 	text_4: autoDraw = True
21.4034 	DATA 	Keypress: escape
22.0484 	EXP 	window1: mouseVisible = True
