1.5582 	WARNING 	We strongly recommend you activate the PTB sound engine in PsychoPy prefs as the preferred audio engine. Its timing is vastly superior. Your prefs are currently set to use ['sounddevice', 'PTB', 'pyo', 'pygame'] (in that order).
4.0540 	WARNING 	User requested fullscreen with size [1024  768], but screen is actually [2880, 1920]. Using actual size
5.7352 	EXP 	Created window1 = Window(allowGUI=True, allowStencil=False, autoLog=True, backendConf=UNKNOWN, bitsMode=UNKNOWN, blendMode='avg', bpc=(8, 8, 8), color=array([0, 0, 0]), colorSpace='rgb', depthBits=8, fullscr=<method-wrapper '__getattribute__' of attributeSetter object at 0x000001943C074040>, gamma=None, gammaErrorPolicy='raise', lms=UNKNOWN, monitor=<psychopy.monitors.calibTools.Monitor object at 0x000001943FBE6430>, multiSample=False, name='window1', numSamples=2, pos=(0, 0), screen=0, size=array([2880, 1920]), stencilBits=0, stereo=False, units='height', useFBO=True, useRetina=False, viewOri=0.0, viewPos=None, viewScale=None, waitBlanking=True, winType='pyglet')
5.7353 	EXP 	window1: mouseVisible = True
5.7354 	EXP 	window1: mouseVisible = False
5.7354 	EXP 	window1: Attempting to measure frame rate of screen (0) ...
5.7354 	EXP 	window1: recordFrameIntervals = False
5.9012 	EXP 	window1: recordFrameIntervals = True
6.0847 	EXP 	Screen (0) actual frame rate measured at 59.99Hz
6.0847 	EXP 	window1: recordFrameIntervals = False
7.8304 	EXP 	Created text = TextStim(__class__=<class 'psychopy.visual.text.TextStim'>, alignHoriz=method-wrapper(...), alignText='center', alignVert=method-wrapper(...), anchorHoriz='center', anchorVert='center', antialias=True, autoDraw=False, autoLog=True, bold=False, color=array([1, 1, 1]), colorSpace='rgb', contrast=1.0, depth=0.0, flipHoriz=False, flipVert=False, font='Open Sans', fontFiles=[], height=0.05, italic=False, languageStyle='LTR', name='text', opacity=1.0, ori=0.0, pos=array([0., 0.]), rgb=UNKNOWN, text='Welcome to the SEAL Pointing Task', units='height', win=Window(...), wrapWidth=1)
7.8491 	EXP 	Created text_2 = TextStim(__class__=<class 'psychopy.visual.text.TextStim'>, alignHoriz=method-wrapper(...), alignText='center', alignVert=method-wrapper(...), anchorHoriz='center', anchorVert='center', antialias=True, autoDraw=False, autoLog=True, bold=False, color=array([1, 1, 1]), colorSpace='rgb', contrast=1.0, depth=0.0, flipHoriz=False, flipVert=False, font='Open Sans', fontFiles=[], height=0.05, italic=False, languageStyle='LTR', name='text_2', opacity=1.0, ori=0.0, pos=array([0., 0.]), rgb=UNKNOWN, text=str(...), units='height', win=Window(...), wrapWidth=1)
7.8589 	EXP 	Created image_2 = ImageStim(__class__=<class 'psychopy.visual.image.ImageStim'>, anchor=('center', 'center'), autoLog=True, color=array([1, 1, 1]), colorSpace='rgb', contrast=1.0, depth=0.0, flipHoriz=False, flipVert=False, image='sin', interpolate=True, mask=None, maskParams=None, name='image_2', opacity=1.0, ori=0.0, pos=array([0., 0.]), size=array([0.5, 0.5]), texRes=128.0, units='height', win=Window(...))
7.8633 	EXP 	Created text_4 = TextStim(__class__=<class 'psychopy.visual.text.TextStim'>, alignHoriz=method-wrapper(...), alignText='center', alignVert=method-wrapper(...), anchorHoriz='center', anchorVert='center', antialias=True, autoDraw=False, autoLog=True, bold=False, color=array([1, 1, 1]), colorSpace='rgb', contrast=1.0, depth=-1.0, flipHoriz=False, flipVert=False, font='Open Sans', fontFiles=[], height=0.05, italic=False, languageStyle='LTR', name='text_4', opacity=1.0, ori=0.0, pos=array([0. , 0.4]), rgb=UNKNOWN, text=str(...), units='height', win=Window(...), wrapWidth=1)
7.9293 	EXP 	window1: mouseVisible = True
7.9348 	EXP 	Created text_3 = TextStim(__class__=<class 'psychopy.visual.text.TextStim'>, alignHoriz=method-wrapper(...), alignText='center', alignVert=method-wrapper(...), anchorHoriz='center', anchorVert='center', antialias=True, autoDraw=False, autoLog=True, bold=False, color=array([1, 1, 1]), colorSpace='rgb', contrast=1.0, depth=0.0, flipHoriz=False, flipVert=False, font='Open Sans', fontFiles=[], height=0.05, italic=False, languageStyle='LTR', name='text_3', opacity=1.0, ori=0.0, pos=array([0., 0.]), rgb=UNKNOWN, text=str(...), units='height', win=Window(...), wrapWidth=1)
7.9447 	EXP 	text: autoDraw = True
9.9522 	EXP 	text: autoDraw = False
9.9522 	EXP 	text_2: autoDraw = True
10.6788 	EXP 	Imported PointingStims.xlsx as conditions, 12 conditions, 1 params
10.6794 	EXP 	Created sequence: sequential, trialTypes=12, nReps=1, seed=None
10.6796 	EXP 	New trial (rep=0, index=0): {'image': 'PointingImages/Landmark12_statue.jpeg'}
11.5225 	DATA 	Keypress: space
11.6953 	EXP 	text_2: autoDraw = False
11.6953 	EXP 	image_2: image = 'PointingImages/Landmark12_statue.jpeg'
11.6953 	EXP 	image_2: autoDraw = True
11.6953 	EXP 	text_4: autoDraw = True
18.7112 	DATA 	Mouse: Left button down, pos=(1363,218)
18.7114 	DATA 	Mouse:  Left button up, pos=(1363,218)
18.7923 	DATA 	Mouse: Left button down, pos=(1363,218)
18.7948 	EXP 	New trial (rep=0, index=1): {'image': 'PointingImages/Landmark11_painting.jpeg'}
19.2510 	DATA 	Mouse:  Left button up, pos=(1369,216)
19.5689 	EXP 	image_2: autoDraw = False
19.5689 	EXP 	text_4: autoDraw = False
19.5689 	EXP 	image_2: image = 'PointingImages/Landmark11_painting.jpeg'
19.5689 	EXP 	image_2: autoDraw = True
19.5689 	EXP 	text_4: autoDraw = True
21.6120 	DATA 	Mouse: Left button down, pos=(1395,202)
21.6127 	DATA 	Mouse:  Left button up, pos=(1395,202)
21.7250 	DATA 	Mouse: Left button down, pos=(1395,202)
21.7271 	EXP 	New trial (rep=0, index=2): {'image': 'PointingImages/Landmark7_painting.jpeg'}
22.0970 	DATA 	Mouse:  Left button up, pos=(1399,207)
22.1248 	EXP 	image_2: autoDraw = False
22.1248 	EXP 	text_4: autoDraw = False
22.1248 	EXP 	image_2: image = 'PointingImages/Landmark7_painting.jpeg'
22.1248 	EXP 	image_2: autoDraw = True
22.1248 	EXP 	text_4: autoDraw = True
22.9867 	DATA 	Mouse: Left button down, pos=(1400,210)
22.9878 	DATA 	Mouse:  Left button up, pos=(1400,210)
23.0756 	DATA 	Mouse: Left button down, pos=(1400,210)
23.0790 	EXP 	New trial (rep=0, index=3): {'image': 'PointingImages/Landmark8_painting.jpeg'}
23.6171 	DATA 	Mouse:  Left button up, pos=(1396,221)
23.7438 	EXP 	image_2: autoDraw = False
23.7438 	EXP 	text_4: autoDraw = False
23.7438 	EXP 	image_2: image = 'PointingImages/Landmark8_painting.jpeg'
23.7438 	EXP 	image_2: autoDraw = True
23.7438 	EXP 	text_4: autoDraw = True
24.5273 	DATA 	Mouse: Left button down, pos=(1417,209)
24.5278 	DATA 	Mouse:  Left button up, pos=(1417,209)
26.5534 	DATA 	Mouse: Left button down, pos=(1475,226)
26.5542 	DATA 	Mouse:  Left button up, pos=(1475,226)
26.6609 	DATA 	Mouse: Left button down, pos=(1475,226)
26.6739 	EXP 	New trial (rep=0, index=4): {'image': 'PointingImages/Landmark9_painting.jpeg'}
27.2930 	DATA 	Mouse:  Left button up, pos=(1445,202)
27.4130 	EXP 	image_2: autoDraw = False
27.4130 	EXP 	text_4: autoDraw = False
27.4130 	EXP 	image_2: image = 'PointingImages/Landmark9_painting.jpeg'
27.4130 	EXP 	image_2: autoDraw = True
27.4130 	EXP 	text_4: autoDraw = True
28.3139 	DATA 	Mouse: Left button down, pos=(1433,282)
28.3140 	DATA 	Mouse:  Left button up, pos=(1433,282)
28.4464 	DATA 	Mouse: Left button down, pos=(1433,282)
28.4570 	EXP 	New trial (rep=0, index=5): {'image': 'PointingImages/Landmark10_statue.jpeg'}
28.7909 	DATA 	Mouse:  Left button up, pos=(1390,267)
28.8106 	EXP 	image_2: autoDraw = False
28.8106 	EXP 	text_4: autoDraw = False
28.8106 	EXP 	image_2: image = 'PointingImages/Landmark10_statue.jpeg'
28.8106 	EXP 	image_2: autoDraw = True
28.8106 	EXP 	text_4: autoDraw = True
29.5646 	DATA 	Mouse: Left button down, pos=(1387,202)
29.5650 	DATA 	Mouse:  Left button up, pos=(1387,202)
29.7262 	DATA 	Mouse: Left button down, pos=(1387,202)
29.7288 	EXP 	New trial (rep=0, index=6): {'image': 'PointingImages/Landmark3_WaterFountain.jpeg'}
30.0914 	DATA 	Mouse:  Left button up, pos=(1423,188)
30.1099 	EXP 	image_2: autoDraw = False
30.1099 	EXP 	text_4: autoDraw = False
30.1099 	EXP 	image_2: image = 'PointingImages/Landmark3_WaterFountain.jpeg'
30.1099 	EXP 	image_2: autoDraw = True
30.1099 	EXP 	text_4: autoDraw = True
30.7797 	DATA 	Mouse: Left button down, pos=(1430,224)
30.7804 	DATA 	Mouse:  Left button up, pos=(1430,224)
30.9249 	DATA 	Mouse: Left button down, pos=(1430,224)
30.9272 	EXP 	New trial (rep=0, index=7): {'image': 'PointingImages/Landmark6_map.jpeg'}
31.6497 	DATA 	Mouse:  Left button up, pos=(1423,201)
31.7745 	EXP 	image_2: autoDraw = False
31.7745 	EXP 	text_4: autoDraw = False
31.7745 	EXP 	image_2: image = 'PointingImages/Landmark6_map.jpeg'
31.7745 	EXP 	image_2: autoDraw = True
31.7745 	EXP 	text_4: autoDraw = True
32.0776 	DATA 	Mouse: Left button down, pos=(1386,207)
32.0782 	DATA 	Mouse:  Left button up, pos=(1386,207)
32.2354 	DATA 	Mouse: Left button down, pos=(1386,207)
32.2378 	EXP 	New trial (rep=0, index=8): {'image': 'PointingImages/Landmark1_book.jpeg'}
32.6760 	DATA 	Mouse:  Left button up, pos=(1383,193)
32.6962 	EXP 	image_2: autoDraw = False
32.6962 	EXP 	text_4: autoDraw = False
32.6962 	EXP 	image_2: image = 'PointingImages/Landmark1_book.jpeg'
32.6962 	EXP 	image_2: autoDraw = True
32.6962 	EXP 	text_4: autoDraw = True
33.3560 	DATA 	Mouse: Left button down, pos=(1389,214)
33.3565 	DATA 	Mouse:  Left button up, pos=(1389,214)
33.4647 	DATA 	Mouse: Left button down, pos=(1389,214)
33.4670 	EXP 	New trial (rep=0, index=9): {'image': 'PointingImages/Landmark4_vase.jpeg'}
34.1755 	DATA 	Mouse:  Left button up, pos=(1397,205)
34.3005 	EXP 	image_2: autoDraw = False
34.3005 	EXP 	text_4: autoDraw = False
34.3005 	EXP 	image_2: image = 'PointingImages/Landmark4_vase.jpeg'
34.3005 	EXP 	image_2: autoDraw = True
34.3005 	EXP 	text_4: autoDraw = True
34.8968 	DATA 	Mouse: Left button down, pos=(1400,196)
34.8971 	DATA 	Mouse:  Left button up, pos=(1400,196)
34.9913 	DATA 	Mouse: Left button down, pos=(1400,196)
34.9936 	EXP 	New trial (rep=0, index=10): {'image': 'PointingImages/Landmark2_painting.jpeg'}
35.4310 	DATA 	Mouse:  Left button up, pos=(1397,196)
35.4505 	EXP 	image_2: autoDraw = False
35.4505 	EXP 	text_4: autoDraw = False
35.4505 	EXP 	image_2: image = 'PointingImages/Landmark2_painting.jpeg'
35.4505 	EXP 	image_2: autoDraw = True
35.4505 	EXP 	text_4: autoDraw = True
36.0763 	DATA 	Mouse: Left button down, pos=(1425,231)
36.0767 	DATA 	Mouse:  Left button up, pos=(1425,231)
36.1738 	DATA 	Mouse: Left button down, pos=(1425,231)
36.1755 	EXP 	New trial (rep=0, index=11): {'image': 'PointingImages/Landmark5_painting.jpeg'}
36.6001 	DATA 	Mouse:  Left button up, pos=(1418,236)
36.6184 	EXP 	image_2: autoDraw = False
36.6184 	EXP 	text_4: autoDraw = False
36.6184 	EXP 	image_2: image = 'PointingImages/Landmark5_painting.jpeg'
36.6184 	EXP 	image_2: autoDraw = True
36.6184 	EXP 	text_4: autoDraw = True
37.2601 	DATA 	Mouse: Left button down, pos=(1365,239)
37.2608 	DATA 	Mouse:  Left button up, pos=(1365,239)
37.3754 	DATA 	Mouse: Left button down, pos=(1365,239)
37.4079 	EXP 	image_2: autoDraw = False
37.4079 	EXP 	text_4: autoDraw = False
37.4079 	EXP 	text_3: autoDraw = True
37.4212 	DATA 	Mouse:  Left button up, pos=(1363,254)
39.4177 	EXP 	text_3: autoDraw = False
39.6264 	EXP 	window1: mouseVisible = True
