2.0955 	WARNING 	We strongly recommend you activate the PTB sound engine in PsychoPy prefs as the preferred audio engine. Its timing is vastly superior. Your prefs are currently set to use ['sounddevice', 'PTB', 'pyo', 'pygame'] (in that order).
6.4964 	WARNING 	User requested fullscreen with size [1024  768], but screen is actually [2880, 1920]. Using actual size
8.9602 	EXP 	Created window1 = Window(allowGUI=True, allowStencil=False, autoLog=True, backendConf=UNKNOWN, bitsMode=UNKNOWN, blendMode='avg', bpc=(8, 8, 8), color=array([0, 0, 0]), colorSpace='rgb', depthBits=8, fullscr=<method-wrapper '__getattribute__' of attributeSetter object at 0x00000197AF6E70A0>, gamma=None, gammaErrorPolicy='raise', lms=UNKNOWN, monitor=<psychopy.monitors.calibTools.Monitor object at 0x00000197B4CCA580>, multiSample=False, name='window1', numSamples=2, pos=(0, 0), screen=0, size=array([2880, 1920]), stencilBits=0, stereo=False, units='height', useFBO=True, useRetina=False, viewOri=0.0, viewPos=None, viewScale=None, waitBlanking=True, winType='pyglet')
8.9604 	EXP 	window1: mouseVisible = True
8.9607 	EXP 	window1: mouseVisible = False
8.9608 	EXP 	window1: Attempting to measure frame rate of screen (0) ...
8.9609 	EXP 	window1: recordFrameIntervals = False
9.1260 	EXP 	window1: recordFrameIntervals = True
9.3087 	EXP 	Screen (0) actual frame rate measured at 60.29Hz
9.3087 	EXP 	window1: recordFrameIntervals = False
11.4925 	EXP 	Created text = TextStim(__class__=<class 'psychopy.visual.text.TextStim'>, alignHoriz=method-wrapper(...), alignText='center', alignVert=method-wrapper(...), anchorHoriz='center', anchorVert='center', antialias=True, autoDraw=False, autoLog=True, bold=False, color=array([1, 1, 1]), colorSpace='rgb', contrast=1.0, depth=0.0, flipHoriz=False, flipVert=False, font='Open Sans', fontFiles=[], height=0.05, italic=False, languageStyle='LTR', name='text', opacity=1.0, ori=0.0, pos=array([0., 0.]), rgb=UNKNOWN, text='Welcome to the SEAL Pointing Task', units='height', win=Window(...), wrapWidth=1)
11.5141 	EXP 	Created text_2 = TextStim(__class__=<class 'psychopy.visual.text.TextStim'>, alignHoriz=method-wrapper(...), alignText='center', alignVert=method-wrapper(...), anchorHoriz='center', anchorVert='center', antialias=True, autoDraw=False, autoLog=True, bold=False, color=array([1, 1, 1]), colorSpace='rgb', contrast=1.0, depth=0.0, flipHoriz=False, flipVert=False, font='Open Sans', fontFiles=[], height=0.05, italic=False, languageStyle='LTR', name='text_2', opacity=1.0, ori=0.0, pos=array([0.  , 0.15]), rgb=UNKNOWN, text=str(...), units='height', win=Window(...), wrapWidth=1)
11.6643 	EXP 	window1: mouseVisible = True
11.6884 	EXP 	Created image_2 = ImageStim(__class__=<class 'psychopy.visual.image.ImageStim'>, anchor=('center', 'center'), autoLog=True, color=array([1, 1, 1]), colorSpace='rgb', contrast=1.0, depth=0.0, flipHoriz=False, flipVert=False, image='sin', interpolate=True, mask=None, maskParams=None, name='image_2', opacity=1.0, ori=0.0, pos=array([0., 0.]), size=array([0.5, 0.5]), texRes=128.0, units='height', win=Window(...))
11.6965 	EXP 	Created text_4 = TextStim(__class__=<class 'psychopy.visual.text.TextStim'>, alignHoriz=method-wrapper(...), alignText='center', alignVert=method-wrapper(...), anchorHoriz='center', anchorVert='center', antialias=True, autoDraw=False, autoLog=True, bold=False, color=array([1, 1, 1]), colorSpace='rgb', contrast=1.0, depth=-1.0, flipHoriz=False, flipVert=False, font='Open Sans', fontFiles=[], height=0.05, italic=False, languageStyle='LTR', name='text_4', opacity=1.0, ori=0.0, pos=array([0. , 0.4]), rgb=UNKNOWN, text=str(...), units='height', win=Window(...), wrapWidth=1)
11.7479 	EXP 	window1: mouseVisible = True
11.7665 	EXP 	Created text_3 = TextStim(__class__=<class 'psychopy.visual.text.TextStim'>, alignHoriz=method-wrapper(...), alignText='center', alignVert=method-wrapper(...), anchorHoriz='center', anchorVert='center', antialias=True, autoDraw=False, autoLog=True, bold=False, color=array([1, 1, 1]), colorSpace='rgb', contrast=1.0, depth=0.0, flipHoriz=False, flipVert=False, font='Open Sans', fontFiles=[], height=0.05, italic=False, languageStyle='LTR', name='text_3', opacity=1.0, ori=0.0, pos=array([0., 0.]), rgb=UNKNOWN, text=str(...), units='height', win=Window(...), wrapWidth=1)
11.7826 	EXP 	text: autoDraw = True
13.8059 	EXP 	text: autoDraw = False
13.8059 	EXP 	text_2: autoDraw = True
15.6742 	DATA 	Mouse: Left button down, pos=(1145,616)
15.6744 	DATA 	Mouse:  Left button up, pos=(1145,616)
15.7131 	DATA 	Mouse: Left button down, pos=(1145,616)
15.7261 	EXP 	Imported PointingStims.xlsx as conditions, 12 conditions, 1 params
15.7280 	EXP 	Created sequence: sequential, trialTypes=12, nReps=1, seed=None
15.7282 	EXP 	New trial (rep=0, index=0): {'image': 'PointingImages/Landmark12_statue.jpeg'}
16.2049 	DATA 	Mouse:  Left button up, pos=(1122,634)
16.3375 	EXP 	text_2: autoDraw = False
16.3375 	EXP 	image_2: image = 'PointingImages/Landmark12_statue.jpeg'
16.3375 	EXP 	image_2: autoDraw = True
16.3375 	EXP 	text_4: autoDraw = True
17.4171 	DATA 	Mouse: Left button down, pos=(1328,293)
17.4173 	DATA 	Mouse:  Left button up, pos=(1328,293)
17.5572 	DATA 	Mouse: Left button down, pos=(1328,293)
17.5612 	EXP 	New trial (rep=0, index=1): {'image': 'PointingImages/Landmark11_painting.jpeg'}
17.9519 	DATA 	Mouse:  Left button up, pos=(1313,324)
17.9666 	EXP 	image_2: autoDraw = False
17.9666 	EXP 	text_4: autoDraw = False
17.9666 	EXP 	image_2: image = 'PointingImages/Landmark11_painting.jpeg'
17.9666 	EXP 	image_2: autoDraw = True
17.9666 	EXP 	text_4: autoDraw = True
18.4577 	DATA 	Mouse: Left button down, pos=(1279,312)
18.4579 	DATA 	Mouse:  Left button up, pos=(1279,312)
18.5357 	DATA 	Mouse: Left button down, pos=(1279,312)
18.5470 	EXP 	New trial (rep=0, index=2): {'image': 'PointingImages/Landmark7_painting.jpeg'}
18.8613 	DATA 	Mouse:  Left button up, pos=(1276,325)
18.8729 	EXP 	image_2: autoDraw = False
18.8729 	EXP 	text_4: autoDraw = False
18.8729 	EXP 	image_2: image = 'PointingImages/Landmark7_painting.jpeg'
18.8729 	EXP 	image_2: autoDraw = True
18.8729 	EXP 	text_4: autoDraw = True
20.3916 	DATA 	Mouse: Left button down, pos=(1203,274)
20.3920 	DATA 	Mouse:  Left button up, pos=(1203,274)
20.4755 	DATA 	Mouse: Left button down, pos=(1203,274)
20.4775 	EXP 	New trial (rep=0, index=3): {'image': 'PointingImages/Landmark8_painting.jpeg'}
20.7718 	DATA 	Mouse:  Left button up, pos=(1198,289)
20.7834 	EXP 	image_2: autoDraw = False
20.7834 	EXP 	text_4: autoDraw = False
20.7834 	EXP 	image_2: image = 'PointingImages/Landmark8_painting.jpeg'
20.7834 	EXP 	image_2: autoDraw = True
20.7834 	EXP 	text_4: autoDraw = True
21.6481 	DATA 	Mouse: Left button down, pos=(1213,223)
21.6484 	DATA 	Mouse:  Left button up, pos=(1213,223)
21.7484 	DATA 	Mouse: Left button down, pos=(1213,223)
21.7617 	EXP 	New trial (rep=0, index=4): {'image': 'PointingImages/Landmark9_painting.jpeg'}
22.0926 	DATA 	Mouse:  Left button up, pos=(1204,246)
22.1043 	EXP 	image_2: autoDraw = False
22.1043 	EXP 	text_4: autoDraw = False
22.1043 	EXP 	image_2: image = 'PointingImages/Landmark9_painting.jpeg'
22.1043 	EXP 	image_2: autoDraw = True
22.1043 	EXP 	text_4: autoDraw = True
22.6155 	DATA 	Mouse: Left button down, pos=(1196,274)
22.6164 	DATA 	Mouse:  Left button up, pos=(1196,274)
22.7151 	DATA 	Mouse: Left button down, pos=(1196,274)
22.7287 	EXP 	New trial (rep=0, index=5): {'image': 'PointingImages/Landmark10_statue.jpeg'}
23.0396 	DATA 	Mouse:  Left button up, pos=(1196,278)
23.0512 	EXP 	image_2: autoDraw = False
23.0512 	EXP 	text_4: autoDraw = False
23.0512 	EXP 	image_2: image = 'PointingImages/Landmark10_statue.jpeg'
23.0512 	EXP 	image_2: autoDraw = True
23.0512 	EXP 	text_4: autoDraw = True
23.6768 	DATA 	Mouse: Left button down, pos=(1216,240)
23.6781 	DATA 	Mouse:  Left button up, pos=(1216,240)
23.8155 	DATA 	Mouse: Left button down, pos=(1216,240)
23.8176 	EXP 	New trial (rep=0, index=6): {'image': 'PointingImages/Landmark3_waterfountain.jpeg'}
24.0861 	DATA 	Mouse:  Left button up, pos=(1222,203)
24.1018 	EXP 	image_2: autoDraw = False
24.1018 	EXP 	text_4: autoDraw = False
24.1018 	EXP 	image_2: image = 'PointingImages/Landmark3_waterfountain.jpeg'
24.1018 	EXP 	image_2: autoDraw = True
24.1018 	EXP 	text_4: autoDraw = True
24.7570 	DATA 	Mouse: Left button down, pos=(1230,278)
24.7581 	DATA 	Mouse:  Left button up, pos=(1230,278)
24.8687 	DATA 	Mouse: Left button down, pos=(1230,278)
24.8808 	EXP 	New trial (rep=0, index=7): {'image': 'PointingImages/Landmark6_map.jpeg'}
25.2954 	DATA 	Mouse:  Left button up, pos=(1236,277)
25.3193 	EXP 	image_2: autoDraw = False
25.3193 	EXP 	text_4: autoDraw = False
25.3193 	EXP 	image_2: image = 'PointingImages/Landmark6_map.jpeg'
25.3193 	EXP 	image_2: autoDraw = True
25.3193 	EXP 	text_4: autoDraw = True
25.7849 	DATA 	Mouse: Left button down, pos=(1224,294)
25.7851 	DATA 	Mouse:  Left button up, pos=(1224,294)
25.8758 	DATA 	Mouse: Left button down, pos=(1224,294)
25.8782 	EXP 	New trial (rep=0, index=8): {'image': 'PointingImages/Landmark1_book.jpeg'}
26.1672 	DATA 	Mouse:  Left button up, pos=(1223,289)
26.1790 	EXP 	image_2: autoDraw = False
26.1790 	EXP 	text_4: autoDraw = False
26.1790 	EXP 	image_2: image = 'PointingImages/Landmark1_book.jpeg'
26.1790 	EXP 	image_2: autoDraw = True
26.1790 	EXP 	text_4: autoDraw = True
26.6798 	DATA 	Mouse: Left button down, pos=(1223,256)
26.6804 	DATA 	Mouse:  Left button up, pos=(1223,256)
26.7816 	DATA 	Mouse: Left button down, pos=(1223,256)
26.7838 	EXP 	New trial (rep=0, index=9): {'image': 'PointingImages/Landmark4_vase.jpeg'}
27.3360 	DATA 	Mouse:  Left button up, pos=(1212,262)
27.3598 	EXP 	image_2: autoDraw = False
27.3598 	EXP 	text_4: autoDraw = False
27.3598 	EXP 	image_2: image = 'PointingImages/Landmark4_vase.jpeg'
27.3598 	EXP 	image_2: autoDraw = True
27.3598 	EXP 	text_4: autoDraw = True
27.7781 	DATA 	Mouse: Left button down, pos=(1217,222)
27.7800 	DATA 	Mouse:  Left button up, pos=(1217,222)
27.8692 	DATA 	Mouse: Left button down, pos=(1217,222)
27.8805 	EXP 	New trial (rep=0, index=10): {'image': 'PointingImages/Landmark2_painting.jpeg'}
28.1996 	DATA 	Mouse:  Left button up, pos=(1217,228)
28.2117 	EXP 	image_2: autoDraw = False
28.2117 	EXP 	text_4: autoDraw = False
28.2117 	EXP 	image_2: image = 'PointingImages/Landmark2_painting.jpeg'
28.2117 	EXP 	image_2: autoDraw = True
28.2117 	EXP 	text_4: autoDraw = True
28.9048 	DATA 	Mouse: Left button down, pos=(1256,234)
28.9074 	DATA 	Mouse:  Left button up, pos=(1256,234)
28.9751 	DATA 	Mouse: Left button down, pos=(1256,234)
28.9848 	EXP 	New trial (rep=0, index=11): {'image': 'PointingImages/Landmark5_painting.jpeg'}
29.2782 	DATA 	Mouse:  Left button up, pos=(1255,250)
29.2897 	EXP 	image_2: autoDraw = False
29.2897 	EXP 	text_4: autoDraw = False
29.2897 	EXP 	image_2: image = 'PointingImages/Landmark5_painting.jpeg'
29.2897 	EXP 	image_2: autoDraw = True
29.2897 	EXP 	text_4: autoDraw = True
29.8433 	DATA 	Mouse: Left button down, pos=(1267,237)
29.8440 	DATA 	Mouse:  Left button up, pos=(1267,237)
29.9486 	DATA 	Mouse: Left button down, pos=(1267,237)
29.9606 	EXP 	image_2: autoDraw = False
29.9606 	EXP 	text_4: autoDraw = False
29.9606 	EXP 	text_3: autoDraw = True
30.0002 	DATA 	Mouse:  Left button up, pos=(1267,247)
31.9754 	EXP 	text_3: autoDraw = False
32.2080 	EXP 	window1: mouseVisible = True
