1.4776 	WARNING 	We strongly recommend you activate the PTB sound engine in PsychoPy prefs as the preferred audio engine. Its timing is vastly superior. Your prefs are currently set to use ['sounddevice', 'PTB', 'pyo', 'pygame'] (in that order).
4.5728 	WARNING 	User requested fullscreen with size [1024  768], but screen is actually [2880, 1920]. Using actual size
6.2298 	EXP 	Created window1 = Window(allowGUI=True, allowStencil=False, autoLog=True, backendConf=UNKNOWN, bitsMode=UNKNOWN, blendMode='avg', bpc=(8, 8, 8), color=array([0, 0, 0]), colorSpace='rgb', depthBits=8, fullscr=<method-wrapper '__getattribute__' of attributeSetter object at 0x000001E4F4FF5040>, gamma=None, gammaErrorPolicy='raise', lms=UNKNOWN, monitor=<psychopy.monitors.calibTools.Monitor object at 0x000001E4F8BB74F0>, multiSample=False, name='window1', numSamples=2, pos=(0, 0), screen=0, size=array([2880, 1920]), stencilBits=0, stereo=False, units='height', useFBO=True, useRetina=False, viewOri=0.0, viewPos=None, viewScale=None, waitBlanking=True, winType='pyglet')
6.2300 	EXP 	window1: mouseVisible = True
6.2302 	EXP 	window1: mouseVisible = False
6.2302 	EXP 	window1: Attempting to measure frame rate of screen (0) ...
6.2302 	EXP 	window1: recordFrameIntervals = False
6.3955 	EXP 	window1: recordFrameIntervals = True
6.5794 	EXP 	Screen (0) actual frame rate measured at 60.15Hz
6.5795 	EXP 	window1: recordFrameIntervals = False
8.4491 	EXP 	Created text = TextStim(__class__=<class 'psychopy.visual.text.TextStim'>, alignHoriz=method-wrapper(...), alignText='center', alignVert=method-wrapper(...), anchorHoriz='center', anchorVert='center', antialias=True, autoDraw=False, autoLog=True, bold=False, color=array([1, 1, 1]), colorSpace='rgb', contrast=1.0, depth=0.0, flipHoriz=False, flipVert=False, font='Open Sans', fontFiles=[], height=0.05, italic=False, languageStyle='LTR', name='text', opacity=1.0, ori=0.0, pos=array([0., 0.]), rgb=UNKNOWN, text='Welcome to the SEAL Pointing Task', units='height', win=Window(...), wrapWidth=1)
8.4669 	EXP 	Created text_2 = TextStim(__class__=<class 'psychopy.visual.text.TextStim'>, alignHoriz=method-wrapper(...), alignText='center', alignVert=method-wrapper(...), anchorHoriz='center', anchorVert='center', antialias=True, autoDraw=False, autoLog=True, bold=False, color=array([1, 1, 1]), colorSpace='rgb', contrast=1.0, depth=0.0, flipHoriz=False, flipVert=False, font='Open Sans', fontFiles=[], height=0.05, italic=False, languageStyle='LTR', name='text_2', opacity=1.0, ori=0.0, pos=array([0., 0.]), rgb=UNKNOWN, text=str(...), units='height', win=Window(...), wrapWidth=1)
8.4768 	EXP 	Created image_2 = ImageStim(__class__=<class 'psychopy.visual.image.ImageStim'>, anchor=('center', 'center'), autoLog=True, color=array([1, 1, 1]), colorSpace='rgb', contrast=1.0, depth=0.0, flipHoriz=False, flipVert=False, image='sin', interpolate=True, mask=None, maskParams=None, name='image_2', opacity=1.0, ori=0.0, pos=array([0., 0.]), size=array([0.5, 0.5]), texRes=128.0, units='height', win=Window(...))
8.4814 	EXP 	Created text_4 = TextStim(__class__=<class 'psychopy.visual.text.TextStim'>, alignHoriz=method-wrapper(...), alignText='center', alignVert=method-wrapper(...), anchorHoriz='center', anchorVert='center', antialias=True, autoDraw=False, autoLog=True, bold=False, color=array([1, 1, 1]), colorSpace='rgb', contrast=1.0, depth=-1.0, flipHoriz=False, flipVert=False, font='Open Sans', fontFiles=[], height=0.05, italic=False, languageStyle='LTR', name='text_4', opacity=1.0, ori=0.0, pos=array([0. , 0.4]), rgb=UNKNOWN, text=str(...), units='height', win=Window(...), wrapWidth=1)
8.5368 	EXP 	window1: mouseVisible = True
8.5417 	EXP 	Created text_3 = TextStim(__class__=<class 'psychopy.visual.text.TextStim'>, alignHoriz=method-wrapper(...), alignText='center', alignVert=method-wrapper(...), anchorHoriz='center', anchorVert='center', antialias=True, autoDraw=False, autoLog=True, bold=False, color=array([1, 1, 1]), colorSpace='rgb', contrast=1.0, depth=0.0, flipHoriz=False, flipVert=False, font='Open Sans', fontFiles=[], height=0.05, italic=False, languageStyle='LTR', name='text_3', opacity=1.0, ori=0.0, pos=array([0., 0.]), rgb=UNKNOWN, text=str(...), units='height', win=Window(...), wrapWidth=1)
8.5523 	EXP 	text: autoDraw = True
10.5624 	EXP 	text: autoDraw = False
10.5624 	EXP 	text_2: autoDraw = True
11.0272 	EXP 	Imported PointingStims.xlsx as conditions, 12 conditions, 1 params
11.0278 	EXP 	Created sequence: sequential, trialTypes=12, nReps=1, seed=None
11.0280 	EXP 	New trial (rep=0, index=0): {'image': 'PointingImages/Landmark12_statue.jpeg'}
11.5751 	DATA 	Keypress: space
11.6566 	EXP 	text_2: autoDraw = False
11.6566 	EXP 	image_2: image = 'PointingImages/Landmark12_statue.jpeg'
11.6566 	EXP 	image_2: autoDraw = True
11.6566 	EXP 	text_4: autoDraw = True
16.6317 	DATA 	Mouse: Left button down, pos=(1460,271)
16.6339 	EXP 	New trial (rep=0, index=1): {'image': 'PointingImages/Landmark11_painting.jpeg'}
17.1653 	DATA 	Mouse:  Left button up, pos=(1460,271)
17.1658 	DATA 	Mouse: Left button down, pos=(1460,271)
17.1669 	DATA 	Mouse:  Left button up, pos=(1460,271)
17.2884 	EXP 	image_2: autoDraw = False
17.2884 	EXP 	text_4: autoDraw = False
17.2884 	EXP 	image_2: image = 'PointingImages/Landmark11_painting.jpeg'
17.2884 	EXP 	image_2: autoDraw = True
17.2884 	EXP 	text_4: autoDraw = True
17.8447 	DATA 	Mouse: Left button down, pos=(1460,271)
17.8466 	EXP 	New trial (rep=0, index=2): {'image': 'PointingImages/Landmark7_painting.jpeg'}
18.1576 	DATA 	Mouse:  Left button up, pos=(1460,271)
18.1585 	DATA 	Mouse: Left button down, pos=(1460,271)
18.1702 	EXP 	image_2: autoDraw = False
18.1702 	EXP 	text_4: autoDraw = False
18.1702 	EXP 	image_2: image = 'PointingImages/Landmark7_painting.jpeg'
18.1702 	EXP 	image_2: autoDraw = True
18.1702 	EXP 	text_4: autoDraw = True
18.2320 	DATA 	Mouse:  Left button up, pos=(1460,271)
18.5617 	DATA 	Mouse: Left button down, pos=(1460,271)
18.5633 	EXP 	New trial (rep=0, index=3): {'image': 'PointingImages/Landmark8_painting.jpeg'}
18.9309 	DATA 	Mouse:  Left button up, pos=(1460,271)
18.9312 	DATA 	Mouse: Left button down, pos=(1460,271)
18.9945 	EXP 	image_2: autoDraw = False
18.9945 	EXP 	text_4: autoDraw = False
18.9945 	EXP 	image_2: image = 'PointingImages/Landmark8_painting.jpeg'
18.9945 	EXP 	image_2: autoDraw = True
18.9945 	EXP 	text_4: autoDraw = True
18.9953 	DATA 	Mouse:  Left button up, pos=(1460,271)
19.3310 	DATA 	Mouse: Left button down, pos=(1460,271)
19.3326 	EXP 	New trial (rep=0, index=4): {'image': 'PointingImages/Landmark9_painting.jpeg'}
19.6680 	DATA 	Mouse:  Left button up, pos=(1460,271)
19.6681 	DATA 	Mouse: Left button down, pos=(1460,271)
19.6682 	DATA 	Mouse:  Left button up, pos=(1460,271)
19.7722 	EXP 	image_2: autoDraw = False
19.7722 	EXP 	text_4: autoDraw = False
19.7722 	EXP 	image_2: image = 'PointingImages/Landmark9_painting.jpeg'
19.7722 	EXP 	image_2: autoDraw = True
19.7722 	EXP 	text_4: autoDraw = True
19.7732 	DATA 	Mouse: Left button down, pos=(1460,271)
19.7747 	EXP 	New trial (rep=0, index=5): {'image': 'PointingImages/Landmark10_statue.jpeg'}
20.0979 	DATA 	Mouse:  Left button up, pos=(1460,271)
20.0981 	DATA 	Mouse: Left button down, pos=(1460,271)
20.0983 	DATA 	Mouse:  Left button up, pos=(1460,271)
20.0985 	DATA 	Mouse: Left button down, pos=(1460,271)
20.1196 	EXP 	image_2: autoDraw = False
20.1196 	EXP 	text_4: autoDraw = False
20.1196 	EXP 	image_2: image = 'PointingImages/Landmark10_statue.jpeg'
20.1196 	EXP 	image_2: autoDraw = True
20.1196 	EXP 	text_4: autoDraw = True
20.1816 	DATA 	Mouse:  Left button up, pos=(1460,271)
20.2652 	DATA 	Mouse: Left button down, pos=(1460,271)
20.2676 	EXP 	New trial (rep=0, index=6): {'image': 'PointingImages/Landmark3_WaterFountain.jpeg'}
20.5980 	DATA 	Mouse:  Left button up, pos=(1460,271)
20.5982 	DATA 	Mouse: Left button down, pos=(1460,271)
20.5985 	DATA 	Mouse:  Left button up, pos=(1460,271)
20.6162 	EXP 	image_2: autoDraw = False
20.6162 	EXP 	text_4: autoDraw = False
20.6162 	EXP 	image_2: image = 'PointingImages/Landmark3_WaterFountain.jpeg'
20.6162 	EXP 	image_2: autoDraw = True
20.6162 	EXP 	text_4: autoDraw = True
20.6308 	DATA 	Mouse: Left button down, pos=(1460,271)
20.6510 	EXP 	New trial (rep=0, index=7): {'image': 'PointingImages/Landmark6_map.jpeg'}
21.3264 	DATA 	Mouse:  Left button up, pos=(1460,271)
21.3266 	DATA 	Mouse: Left button down, pos=(1460,271)
21.3267 	DATA 	Mouse:  Left button up, pos=(1460,271)
21.3270 	DATA 	Mouse: Left button down, pos=(1460,271)
21.3271 	DATA 	Mouse:  Left button up, pos=(1460,271)
21.3273 	DATA 	Mouse: Left button down, pos=(1460,271)
21.4472 	EXP 	image_2: autoDraw = False
21.4472 	EXP 	text_4: autoDraw = False
21.4472 	EXP 	image_2: image = 'PointingImages/Landmark6_map.jpeg'
21.4472 	EXP 	image_2: autoDraw = True
21.4472 	EXP 	text_4: autoDraw = True
21.4499 	DATA 	Mouse:  Left button up, pos=(1460,271)
21.4505 	DATA 	Mouse: Left button down, pos=(1460,271)
21.5988 	DATA 	Mouse:  Left button up, pos=(1460,271)
21.6809 	DATA 	Mouse: Left button down, pos=(1460,271)
21.6821 	EXP 	New trial (rep=0, index=8): {'image': 'PointingImages/Landmark1_book.jpeg'}
22.0320 	DATA 	Mouse:  Left button up, pos=(1460,271)
22.0322 	DATA 	Mouse: Left button down, pos=(1460,271)
22.0512 	EXP 	image_2: autoDraw = False
22.0512 	EXP 	text_4: autoDraw = False
22.0512 	EXP 	image_2: image = 'PointingImages/Landmark1_book.jpeg'
22.0512 	EXP 	image_2: autoDraw = True
22.0512 	EXP 	text_4: autoDraw = True
22.0520 	DATA 	Mouse:  Left button up, pos=(1460,271)
22.0828 	DATA 	Mouse: Left button down, pos=(1460,271)
22.0874 	EXP 	New trial (rep=0, index=9): {'image': 'PointingImages/Landmark4_vase.jpeg'}
22.5854 	DATA 	Mouse:  Left button up, pos=(1460,271)
22.5857 	DATA 	Mouse: Left button down, pos=(1460,271)
22.7104 	EXP 	image_2: autoDraw = False
22.7104 	EXP 	text_4: autoDraw = False
22.7104 	EXP 	image_2: image = 'PointingImages/Landmark4_vase.jpeg'
22.7104 	EXP 	image_2: autoDraw = True
22.7104 	EXP 	text_4: autoDraw = True
22.7112 	DATA 	Mouse:  Left button up, pos=(1460,271)
22.7115 	DATA 	Mouse: Left button down, pos=(1460,271)
22.9280 	DATA 	Mouse:  Left button up, pos=(1460,271)
22.9615 	DATA 	Mouse: Left button down, pos=(1460,271)
22.9627 	EXP 	New trial (rep=0, index=10): {'image': 'PointingImages/Landmark2_painting.jpeg'}
23.2696 	DATA 	Mouse:  Left button up, pos=(1460,271)
23.3009 	EXP 	image_2: autoDraw = False
23.3009 	EXP 	text_4: autoDraw = False
23.3009 	EXP 	image_2: image = 'PointingImages/Landmark2_painting.jpeg'
23.3009 	EXP 	image_2: autoDraw = True
23.3009 	EXP 	text_4: autoDraw = True
23.3013 	DATA 	Mouse: Left button down, pos=(1460,271)
23.3025 	EXP 	New trial (rep=0, index=11): {'image': 'PointingImages/Landmark5_painting.jpeg'}
23.6944 	DATA 	Mouse:  Left button up, pos=(1460,271)
23.6946 	DATA 	Mouse: Left button down, pos=(1460,271)
23.7035 	EXP 	image_2: autoDraw = False
23.7035 	EXP 	text_4: autoDraw = False
23.7035 	EXP 	image_2: image = 'PointingImages/Landmark5_painting.jpeg'
23.7035 	EXP 	image_2: autoDraw = True
23.7035 	EXP 	text_4: autoDraw = True
23.7803 	DATA 	Mouse:  Left button up, pos=(1460,271)
23.9181 	DATA 	Mouse: Left button down, pos=(1460,271)
23.9425 	EXP 	image_2: autoDraw = False
23.9425 	EXP 	text_4: autoDraw = False
23.9425 	EXP 	text_3: autoDraw = True
24.1458 	DATA 	Mouse:  Left button up, pos=(1460,271)
24.1953 	DATA 	Mouse: Left button down, pos=(1460,271)
24.4140 	DATA 	Mouse:  Left button up, pos=(1460,271)
25.9446 	EXP 	text_3: autoDraw = False
25.9446 	EXP 	text_3: autoDraw = False
26.2017 	EXP 	window1: mouseVisible = True
