1.4377 	WARNING 	We strongly recommend you activate the PTB sound engine in PsychoPy prefs as the preferred audio engine. Its timing is vastly superior. Your prefs are currently set to use ['sounddevice', 'PTB', 'pyo', 'pygame'] (in that order).
23.9692 	WARNING 	User requested fullscreen with size [1024  768], but screen is actually [2880, 1920]. Using actual size
26.0008 	EXP 	Created window1 = Window(allowGUI=True, allowStencil=False, autoLog=True, backendConf=UNKNOWN, bitsMode=UNKNOWN, blendMode='avg', bpc=(8, 8, 8), color=array([0, 0, 0]), colorSpace='rgb', depthBits=8, fullscr=<method-wrapper '__getattribute__' of attributeSetter object at 0x00000279900981C0>, gamma=None, gammaErrorPolicy='raise', lms=UNKNOWN, monitor=<psychopy.monitors.calibTools.Monitor object at 0x0000027990575640>, multiSample=False, name='window1', numSamples=2, pos=(0, 0), screen=0, size=array([2880, 1920]), stencilBits=0, stereo=False, units='height', useFBO=True, useRetina=False, viewOri=0.0, viewPos=None, viewScale=None, waitBlanking=True, winType='pyglet')
26.0011 	EXP 	window1: mouseVisible = True
26.0013 	EXP 	window1: mouseVisible = False
26.0013 	EXP 	window1: Attempting to measure frame rate of screen (0) ...
26.0013 	EXP 	window1: recordFrameIntervals = False
26.1667 	EXP 	window1: recordFrameIntervals = True
26.3505 	EXP 	Screen (0) actual frame rate measured at 60.07Hz
26.3505 	EXP 	window1: recordFrameIntervals = False
28.3193 	EXP 	Created text = TextStim(__class__=<class 'psychopy.visual.text.TextStim'>, alignHoriz=method-wrapper(...), alignText='center', alignVert=method-wrapper(...), anchorHoriz='center', anchorVert='center', antialias=True, autoDraw=False, autoLog=True, bold=False, color=array([1, 1, 1]), colorSpace='rgb', contrast=1.0, depth=0.0, flipHoriz=False, flipVert=False, font='Open Sans', fontFiles=[], height=0.05, italic=False, languageStyle='LTR', name='text', opacity=1.0, ori=0.0, pos=array([0., 0.]), rgb=UNKNOWN, text='Welcome to the SEAL Pointing Task', units='height', win=Window(...), wrapWidth=1)
28.3372 	EXP 	Created text_2 = TextStim(__class__=<class 'psychopy.visual.text.TextStim'>, alignHoriz=method-wrapper(...), alignText='center', alignVert=method-wrapper(...), anchorHoriz='center', anchorVert='center', antialias=True, autoDraw=False, autoLog=True, bold=False, color=array([1, 1, 1]), colorSpace='rgb', contrast=1.0, depth=0.0, flipHoriz=False, flipVert=False, font='Open Sans', fontFiles=[], height=0.05, italic=False, languageStyle='LTR', name='text_2', opacity=1.0, ori=0.0, pos=array([0., 0.]), rgb=UNKNOWN, text=str(...), units='height', win=Window(...), wrapWidth=1)
28.3405 	EXP 	Created image_2 = ImageStim(__class__=<class 'psychopy.visual.image.ImageStim'>, anchor=('center', 'center'), autoLog=True, color=array([1, 1, 1]), colorSpace='rgb', contrast=1.0, depth=0.0, flipHoriz=False, flipVert=False, image='sin', interpolate=True, mask=None, maskParams=None, name='image_2', opacity=1.0, ori=0.0, pos=array([0., 0.]), size=array([0.5, 0.5]), texRes=128.0, units='height', win=Window(...))
28.3447 	EXP 	Created text_4 = TextStim(__class__=<class 'psychopy.visual.text.TextStim'>, alignHoriz=method-wrapper(...), alignText='center', alignVert=method-wrapper(...), anchorHoriz='center', anchorVert='center', antialias=True, autoDraw=False, autoLog=True, bold=False, color=array([1, 1, 1]), colorSpace='rgb', contrast=1.0, depth=-1.0, flipHoriz=False, flipVert=False, font='Open Sans', fontFiles=[], height=0.05, italic=False, languageStyle='LTR', name='text_4', opacity=1.0, ori=0.0, pos=array([0. , 0.4]), rgb=UNKNOWN, text=str(...), units='height', win=Window(...), wrapWidth=1)
28.4039 	EXP 	window1: mouseVisible = True
28.4085 	EXP 	Created text_3 = TextStim(__class__=<class 'psychopy.visual.text.TextStim'>, alignHoriz=method-wrapper(...), alignText='center', alignVert=method-wrapper(...), anchorHoriz='center', anchorVert='center', antialias=True, autoDraw=False, autoLog=True, bold=False, color=array([1, 1, 1]), colorSpace='rgb', contrast=1.0, depth=0.0, flipHoriz=False, flipVert=False, font='Open Sans', fontFiles=[], height=0.05, italic=False, languageStyle='LTR', name='text_3', opacity=1.0, ori=0.0, pos=array([0., 0.]), rgb=UNKNOWN, text=str(...), units='height', win=Window(...), wrapWidth=1)
28.4186 	EXP 	text: autoDraw = True
30.4340 	EXP 	text: autoDraw = False
30.4340 	EXP 	text_2: autoDraw = True
31.6893 	DATA 	Mouse: Left button down, pos=(1524,653)
31.6896 	DATA 	Mouse:  Left button up, pos=(1524,653)
32.2471 	DATA 	Mouse: Left button down, pos=(1560,633)
32.2475 	DATA 	Mouse:  Left button up, pos=(1560,633)
32.3343 	DATA 	Mouse: Left button down, pos=(1560,633)
32.4063 	DATA 	Mouse:  Left button up, pos=(1549,629)
32.5654 	DATA 	Mouse: Left button down, pos=(1547,622)
32.5663 	DATA 	Mouse:  Left button up, pos=(1547,622)
32.6327 	DATA 	Mouse: Left button down, pos=(1547,622)
32.7064 	DATA 	Mouse:  Left button up, pos=(1551,629)
32.8455 	DATA 	Mouse: Left button down, pos=(1555,631)
32.8462 	DATA 	Mouse:  Left button up, pos=(1555,631)
32.9448 	DATA 	Mouse: Left button down, pos=(1555,631)
33.0054 	DATA 	Mouse:  Left button up, pos=(1551,628)
33.1626 	DATA 	Mouse: Left button down, pos=(1548,623)
33.1631 	DATA 	Mouse:  Left button up, pos=(1548,623)
33.2603 	DATA 	Mouse: Left button down, pos=(1548,623)
33.3032 	DATA 	Mouse:  Left button up, pos=(1561,643)
33.4643 	DATA 	Mouse: Left button down, pos=(1575,660)
33.4645 	DATA 	Mouse:  Left button up, pos=(1575,660)
33.5677 	DATA 	Mouse: Left button down, pos=(1575,660)
33.5875 	DATA 	Mouse:  Left button up, pos=(1577,660)
40.6143 	EXP 	Imported PointingStims.xlsx as conditions, 12 conditions, 1 params
40.6148 	EXP 	Created sequence: sequential, trialTypes=12, nReps=1, seed=None
40.6150 	EXP 	New trial (rep=0, index=0): {'image': 'PointingImages/Landmark12_statue.jpeg'}
41.1745 	DATA 	Keypress: space
41.2926 	EXP 	text_2: autoDraw = False
41.2926 	EXP 	image_2: image = 'PointingImages/Landmark12_statue.jpeg'
41.2926 	EXP 	image_2: autoDraw = True
41.2926 	EXP 	text_4: autoDraw = True
79.8628 	DATA 	Mouse: Left button down, pos=(2493,840)
79.8633 	DATA 	Mouse:  Left button up, pos=(2493,840)
111.6538 	DATA 	Mouse: Left button down, pos=(2745,1920)
111.7132 	DATA 	Mouse:  Left button up, pos=(2515,1443)
112.1995 	DATA 	Mouse: Left button down, pos=(2550,104)
112.2883 	DATA 	Mouse:  Left button up, pos=(2698,534)
112.7260 	DATA 	Mouse: Left button down, pos=(2617,265)
112.7268 	DATA 	Mouse:  Left button up, pos=(2617,265)
299.5869 	DATA 	Mouse: Left button down, pos=(1516,302)
299.5875 	DATA 	Mouse:  Left button up, pos=(1516,302)
299.6816 	DATA 	Mouse: Left button down, pos=(1516,302)
299.6843 	EXP 	New trial (rep=0, index=1): {'image': 'PointingImages/Landmark11_painting.jpeg'}
300.2358 	DATA 	Mouse:  Left button up, pos=(1535,299)
300.4240 	EXP 	image_2: autoDraw = False
300.4240 	EXP 	text_4: autoDraw = False
300.4240 	EXP 	image_2: image = 'PointingImages/Landmark11_painting.jpeg'
300.4240 	EXP 	image_2: autoDraw = True
300.4240 	EXP 	text_4: autoDraw = True
320.3579 	DATA 	Mouse: Left button down, pos=(1446,307)
320.3580 	DATA 	Mouse:  Left button up, pos=(1446,307)
320.4254 	DATA 	Mouse: Left button down, pos=(1446,307)
320.4278 	EXP 	New trial (rep=0, index=2): {'image': 'PointingImages/Landmark7_painting.jpeg'}
320.9354 	DATA 	Mouse:  Left button up, pos=(1450,304)
320.9641 	EXP 	image_2: autoDraw = False
320.9641 	EXP 	text_4: autoDraw = False
320.9641 	EXP 	image_2: image = 'PointingImages/Landmark7_painting.jpeg'
320.9641 	EXP 	image_2: autoDraw = True
320.9641 	EXP 	text_4: autoDraw = True
345.5590 	DATA 	Mouse: Left button down, pos=(1554,300)
345.5592 	DATA 	Mouse:  Left button up, pos=(1554,300)
345.6500 	DATA 	Mouse: Left button down, pos=(1554,300)
345.6522 	EXP 	New trial (rep=0, index=3): {'image': 'PointingImages/Landmark8_painting.jpeg'}
346.1832 	DATA 	Mouse:  Left button up, pos=(1559,307)
346.3207 	EXP 	image_2: autoDraw = False
346.3207 	EXP 	text_4: autoDraw = False
346.3207 	EXP 	image_2: image = 'PointingImages/Landmark8_painting.jpeg'
346.3207 	EXP 	image_2: autoDraw = True
346.3207 	EXP 	text_4: autoDraw = True
366.2469 	DATA 	Mouse: Left button down, pos=(1541,291)
366.2471 	DATA 	Mouse:  Left button up, pos=(1541,291)
366.3407 	DATA 	Mouse: Left button down, pos=(1541,291)
366.3463 	DATA 	Mouse:  Left button up, pos=(1540,295)
369.8379 	DATA 	Mouse: Left button down, pos=(1605,296)
369.8382 	DATA 	Mouse:  Left button up, pos=(1605,296)
369.9778 	DATA 	Mouse: Left button down, pos=(1605,296)
369.9798 	EXP 	New trial (rep=0, index=4): {'image': 'PointingImages/Landmark9_painting.jpeg'}
370.4381 	DATA 	Mouse:  Left button up, pos=(1614,294)
370.5711 	EXP 	image_2: autoDraw = False
370.5711 	EXP 	text_4: autoDraw = False
370.5711 	EXP 	image_2: image = 'PointingImages/Landmark9_painting.jpeg'
370.5711 	EXP 	image_2: autoDraw = True
370.5711 	EXP 	text_4: autoDraw = True
384.8282 	DATA 	Mouse: Left button down, pos=(1446,268)
384.8285 	DATA 	Mouse:  Left button up, pos=(1446,268)
384.9564 	DATA 	Mouse: Left button down, pos=(1446,268)
384.9659 	EXP 	New trial (rep=0, index=5): {'image': 'PointingImages/Landmark10_statue.jpeg'}
385.3261 	DATA 	Mouse:  Left button up, pos=(1462,268)
385.3515 	EXP 	image_2: autoDraw = False
385.3515 	EXP 	text_4: autoDraw = False
385.3515 	EXP 	image_2: image = 'PointingImages/Landmark10_statue.jpeg'
385.3515 	EXP 	image_2: autoDraw = True
385.3515 	EXP 	text_4: autoDraw = True
498.1777 	DATA 	Mouse: Left button down, pos=(1512,280)
498.1780 	DATA 	Mouse:  Left button up, pos=(1512,280)
498.3106 	DATA 	Mouse: Left button down, pos=(1512,280)
498.3126 	EXP 	New trial (rep=0, index=6): {'image': 'PointingImages/Landmark3_WaterFountain.jpeg'}
498.6764 	DATA 	Mouse:  Left button up, pos=(1516,278)
498.6961 	EXP 	image_2: autoDraw = False
498.6961 	EXP 	text_4: autoDraw = False
498.6961 	EXP 	image_2: image = 'PointingImages/Landmark3_WaterFountain.jpeg'
498.6961 	EXP 	image_2: autoDraw = True
498.6961 	EXP 	text_4: autoDraw = True
706.7705 	DATA 	Mouse: Left button down, pos=(1426,296)
706.7707 	DATA 	Mouse:  Left button up, pos=(1426,296)
706.8457 	DATA 	Mouse: Left button down, pos=(1426,296)
706.8473 	EXP 	New trial (rep=0, index=7): {'image': 'PointingImages/Landmark6_map.jpeg'}
707.3866 	DATA 	Mouse:  Left button up, pos=(1449,283)
707.5209 	EXP 	image_2: autoDraw = False
707.5209 	EXP 	text_4: autoDraw = False
707.5209 	EXP 	image_2: image = 'PointingImages/Landmark6_map.jpeg'
707.5209 	EXP 	image_2: autoDraw = True
707.5209 	EXP 	text_4: autoDraw = True
752.6024 	DATA 	Mouse: Left button down, pos=(1476,289)
752.6026 	DATA 	Mouse:  Left button up, pos=(1476,289)
752.6445 	DATA 	Mouse: Left button down, pos=(1476,289)
752.6470 	EXP 	New trial (rep=0, index=8): {'image': 'PointingImages/Landmark1_book.jpeg'}
753.0356 	DATA 	Mouse:  Left button up, pos=(1477,281)
753.0625 	EXP 	image_2: autoDraw = False
753.0625 	EXP 	text_4: autoDraw = False
753.0625 	EXP 	image_2: image = 'PointingImages/Landmark1_book.jpeg'
753.0625 	EXP 	image_2: autoDraw = True
753.0625 	EXP 	text_4: autoDraw = True
773.5545 	DATA 	Mouse: Left button down, pos=(1470,320)
773.5558 	DATA 	Mouse:  Left button up, pos=(1470,320)
773.7238 	DATA 	Mouse: Left button down, pos=(1470,320)
773.7262 	EXP 	New trial (rep=0, index=9): {'image': 'PointingImages/Landmark4_vase.jpeg'}
774.1476 	DATA 	Mouse:  Left button up, pos=(1469,298)
774.2871 	EXP 	image_2: autoDraw = False
774.2871 	EXP 	text_4: autoDraw = False
774.2871 	EXP 	image_2: image = 'PointingImages/Landmark4_vase.jpeg'
774.2871 	EXP 	image_2: autoDraw = True
774.2871 	EXP 	text_4: autoDraw = True
792.1306 	DATA 	Mouse: Left button down, pos=(2720,1920)
792.2683 	DATA 	Mouse:  Left button up, pos=(2595,1404)
794.2517 	DATA 	Mouse: Left button down, pos=(2879,1243)
794.2526 	DATA 	Mouse:  Left button up, pos=(2879,1243)
803.9195 	DATA 	Mouse: Left button down, pos=(1469,321)
803.9204 	DATA 	Mouse:  Left button up, pos=(1469,321)
803.9888 	DATA 	Mouse: Left button down, pos=(1469,321)
803.9947 	EXP 	New trial (rep=0, index=10): {'image': 'PointingImages/Landmark2_painting.jpeg'}
804.3762 	DATA 	Mouse:  Left button up, pos=(1455,295)
804.4141 	EXP 	image_2: autoDraw = False
804.4141 	EXP 	text_4: autoDraw = False
804.4141 	EXP 	image_2: image = 'PointingImages/Landmark2_painting.jpeg'
804.4141 	EXP 	image_2: autoDraw = True
804.4141 	EXP 	text_4: autoDraw = True
831.7527 	DATA 	Mouse: Left button down, pos=(1507,319)
831.7529 	DATA 	Mouse:  Left button up, pos=(1507,319)
832.1219 	DATA 	Mouse: Left button down, pos=(1493,308)
832.1221 	DATA 	Mouse:  Left button up, pos=(1493,308)
834.1949 	DATA 	Mouse: Left button down, pos=(1534,305)
834.1958 	DATA 	Mouse:  Left button up, pos=(1534,305)
834.2897 	DATA 	Mouse: Left button down, pos=(1534,305)
834.2916 	EXP 	New trial (rep=0, index=11): {'image': 'PointingImages/Landmark5_painting.jpeg'}
834.6581 	DATA 	Mouse:  Left button up, pos=(1547,311)
834.6791 	EXP 	image_2: autoDraw = False
834.6791 	EXP 	text_4: autoDraw = False
834.6791 	EXP 	image_2: image = 'PointingImages/Landmark5_painting.jpeg'
834.6791 	EXP 	image_2: autoDraw = True
834.6791 	EXP 	text_4: autoDraw = True
896.6632 	DATA 	Mouse: Left button down, pos=(1475,342)
896.6639 	DATA 	Mouse:  Left button up, pos=(1475,342)
896.9023 	DATA 	Mouse: Left button down, pos=(1475,342)
896.9163 	EXP 	image_2: autoDraw = False
896.9163 	EXP 	text_4: autoDraw = False
896.9163 	EXP 	text_3: autoDraw = True
896.9684 	DATA 	Mouse:  Left button up, pos=(1484,341)
898.9312 	EXP 	text_3: autoDraw = False
899.1269 	EXP 	window1: mouseVisible = True
